<?xml version="1.0" encoding="UTF-8"?>
<coverage generated="1749266586610" clover="3.2.0">
  <project timestamp="1749266586611" name="All files">
    <metrics statements="262" coveredstatements="170" conditionals="200" coveredconditionals="130" methods="96" coveredmethods="51" elements="558" coveredelements="351" complexity="0" loc="262" ncloc="262" packages="3" files="27" classes="27"/>
    <package name="src">
      <metrics statements="5" coveredstatements="1" conditionals="0" coveredconditionals="0" methods="1" coveredmethods="1"/>
      <file name="App.js" path="C:\Users\kaker\AIdrivendevelopment\ぴあざさるうとver２\src\App.js">
        <metrics statements="1" coveredstatements="1" conditionals="0" coveredconditionals="0" methods="1" coveredmethods="1"/>
        <line num="26" count="5" type="stmt"/>
      </file>
      <file name="index.js" path="C:\Users\kaker\AIdrivendevelopment\ぴあざさるうとver２\src\index.js">
        <metrics statements="4" coveredstatements="0" conditionals="0" coveredconditionals="0" methods="0" coveredmethods="0"/>
        <line num="9" count="0" type="stmt"/>
        <line num="45" count="0" type="stmt"/>
        <line num="46" count="0" type="stmt"/>
        <line num="48" count="0" type="stmt"/>
      </file>
    </package>
    <package name="src.components">
      <metrics statements="239" coveredstatements="166" conditionals="192" coveredconditionals="130" methods="89" coveredmethods="49"/>
      <file name="Access.js" path="C:\Users\kaker\AIdrivendevelopment\ぴあざさるうとver２\src\components\Access.js">
        <metrics statements="2" coveredstatements="2" conditionals="0" coveredconditionals="0" methods="1" coveredmethods="1"/>
        <line num="4" count="2" type="stmt"/>
        <line num="5" count="12" type="stmt"/>
      </file>
      <file name="AnimatedSection.js" path="C:\Users\kaker\AIdrivendevelopment\ぴあざさるうとver２\src\components\AnimatedSection.js">
        <metrics statements="21" coveredstatements="21" conditionals="14" coveredconditionals="10" methods="5" coveredmethods="5"/>
        <line num="3" count="6" type="stmt"/>
        <line num="11" count="558" type="stmt"/>
        <line num="12" count="558" type="stmt"/>
        <line num="13" count="558" type="stmt"/>
        <line num="15" count="558" type="stmt"/>
        <line num="16" count="196" type="cond" truecount="2" falsecount="0"/>
        <line num="18" count="98" type="stmt"/>
        <line num="20" count="98" type="cond" truecount="1" falsecount="1"/>
        <line num="21" count="98" type="stmt"/>
        <line num="22" count="98" type="stmt"/>
        <line num="23" count="98" type="stmt"/>
        <line num="32" count="98" type="cond" truecount="1" falsecount="1"/>
        <line num="33" count="98" type="stmt"/>
        <line num="36" count="98" type="stmt"/>
        <line num="37" count="98" type="cond" truecount="1" falsecount="1"/>
        <line num="38" count="98" type="stmt"/>
        <line num="43" count="558" type="stmt"/>
        <line num="44" count="558" type="stmt"/>
        <line num="45" count="558" type="stmt"/>
        <line num="54" count="558" type="cond" truecount="2" falsecount="0"/>
        <line num="57" count="558" type="stmt"/>
      </file>
      <file name="Concept.js" path="C:\Users\kaker\AIdrivendevelopment\ぴあざさるうとver２\src\components\Concept.js">
        <metrics statements="2" coveredstatements="2" conditionals="0" coveredconditionals="0" methods="1" coveredmethods="1"/>
        <line num="4" count="2" type="stmt"/>
        <line num="5" count="11" type="stmt"/>
      </file>
      <file name="Contact.js" path="C:\Users\kaker\AIdrivendevelopment\ぴあざさるうとver２\src\components\Contact.js">
        <metrics statements="29" coveredstatements="28" conditionals="40" coveredconditionals="39" methods="7" coveredmethods="6"/>
        <line num="5" count="2" type="stmt"/>
        <line num="6" count="88" type="stmt"/>
        <line num="18" count="87" type="stmt"/>
        <line num="19" count="87" type="stmt"/>
        <line num="20" count="87" type="stmt"/>
        <line num="22" count="87" type="stmt"/>
        <line num="47" count="87" type="stmt"/>
        <line num="48" count="76" type="stmt"/>
        <line num="49" count="76" type="cond" truecount="2" falsecount="0"/>
        <line num="50" count="76" type="cond" truecount="1" falsecount="1"/>
        <line num="51" count="0" type="stmt"/>
        <line num="55" count="87" type="stmt"/>
        <line num="56" count="3" type="stmt"/>
        <line num="57" count="3" type="cond" truecount="2" falsecount="0"/>
        <line num="58" count="3" type="cond" truecount="2" falsecount="0"/>
        <line num="59" count="3" type="cond" truecount="2" falsecount="0"/>
        <line num="60" count="3" type="cond" truecount="4" falsecount="0"/>
        <line num="61" count="3" type="cond" truecount="4" falsecount="0"/>
        <line num="62" count="3" type="cond" truecount="2" falsecount="0"/>
        <line num="63" count="3" type="stmt"/>
        <line num="64" count="3" type="stmt"/>
        <line num="67" count="87" type="stmt"/>
        <line num="68" count="3" type="stmt"/>
        <line num="69" count="3" type="cond" truecount="2" falsecount="0"/>
        <line num="70" count="1" type="stmt"/>
        <line num="72" count="1" type="stmt"/>
        <line num="73" count="1" type="stmt"/>
        <line num="74" count="1" type="stmt"/>
        <line num="79" count="87" type="stmt"/>
      </file>
      <file name="FAQ.js" path="C:\Users\kaker\AIdrivendevelopment\ぴあざさるうとver２\src\components\FAQ.js">
        <metrics statements="12" coveredstatements="10" conditionals="6" coveredconditionals="2" methods="5" coveredmethods="3"/>
        <line num="5" count="2" type="stmt"/>
        <line num="6" count="15" type="stmt"/>
        <line num="8" count="14" type="stmt"/>
        <line num="36" count="14" type="stmt"/>
        <line num="107" count="14" type="stmt"/>
        <line num="108" count="0" type="cond" truecount="0" falsecount="2"/>
        <line num="111" count="14" type="stmt"/>
        <line num="120" count="56" type="stmt"/>
        <line num="124" count="168" type="stmt"/>
        <line num="125" count="168" type="stmt"/>
        <line num="127" count="168" type="stmt"/>
        <line num="131" count="0" type="stmt"/>
      </file>
      <file name="Footer.js" path="C:\Users\kaker\AIdrivendevelopment\ぴあざさるうとver２\src\components\Footer.js">
        <metrics statements="2" coveredstatements="2" conditionals="0" coveredconditionals="0" methods="1" coveredmethods="1"/>
        <line num="5" count="2" type="stmt"/>
        <line num="6" count="20" type="stmt"/>
      </file>
      <file name="Gallery.js" path="C:\Users\kaker\AIdrivendevelopment\ぴあざさるうとver２\src\components\Gallery.js">
        <metrics statements="4" coveredstatements="4" conditionals="0" coveredconditionals="0" methods="2" coveredmethods="2"/>
        <line num="5" count="2" type="stmt"/>
        <line num="6" count="11" type="stmt"/>
        <line num="15" count="11" type="stmt"/>
        <line num="27" count="66" type="stmt"/>
      </file>
      <file name="GoogleMap.js" path="C:\Users\kaker\AIdrivendevelopment\ぴあざさるうとver２\src\components\GoogleMap.js">
        <metrics statements="2" coveredstatements="2" conditionals="0" coveredconditionals="0" methods="1" coveredmethods="1"/>
        <line num="3" count="3" type="stmt"/>
        <line num="4" count="30" type="stmt"/>
      </file>
      <file name="Header.js" path="C:\Users\kaker\AIdrivendevelopment\ぴあざさるうとver２\src\components\Header.js">
        <metrics statements="11" coveredstatements="3" conditionals="6" coveredconditionals="0" methods="7" coveredmethods="1"/>
        <line num="5" count="2" type="stmt"/>
        <line num="6" count="38" type="stmt"/>
        <line num="7" count="36" type="stmt"/>
        <line num="9" count="0" type="stmt"/>
        <line num="10" count="0" type="stmt"/>
        <line num="13" count="0" type="stmt"/>
        <line num="120" count="0" type="stmt"/>
        <line num="127" count="0" type="stmt"/>
        <line num="134" count="0" type="stmt"/>
        <line num="141" count="0" type="stmt"/>
        <line num="148" count="0" type="stmt"/>
      </file>
      <file name="Hero.js" path="C:\Users\kaker\AIdrivendevelopment\ぴあざさるうとver２\src\components\Hero.js">
        <metrics statements="2" coveredstatements="2" conditionals="0" coveredconditionals="0" methods="1" coveredmethods="1"/>
        <line num="4" count="1" type="stmt"/>
        <line num="5" count="4" type="stmt"/>
      </file>
      <file name="LegalNotice.js" path="C:\Users\kaker\AIdrivendevelopment\ぴあざさるうとver２\src\components\LegalNotice.js">
        <metrics statements="2" coveredstatements="1" conditionals="0" coveredconditionals="0" methods="1" coveredmethods="0"/>
        <line num="4" count="1" type="stmt"/>
        <line num="5" count="0" type="stmt"/>
      </file>
      <file name="Menu.js" path="C:\Users\kaker\AIdrivendevelopment\ぴあざさるうとver２\src\components\Menu.js">
        <metrics statements="6" coveredstatements="6" conditionals="0" coveredconditionals="0" methods="3" coveredmethods="3"/>
        <line num="4" count="2" type="stmt"/>
        <line num="5" count="11" type="stmt"/>
        <line num="44" count="11" type="stmt"/>
        <line num="77" count="11" type="stmt"/>
        <line num="84" count="44" type="stmt"/>
        <line num="88" count="132" type="stmt"/>
      </file>
      <file name="OptimizedImage.js" path="C:\Users\kaker\AIdrivendevelopment\ぴあざさるうとver２\src\components\OptimizedImage.js">
        <metrics statements="33" coveredstatements="28" conditionals="43" coveredconditionals="27" methods="8" coveredmethods="6"/>
        <line num="3" count="6" type="stmt"/>
        <line num="13" count="268" type="stmt"/>
        <line num="14" count="268" type="stmt"/>
        <line num="15" count="268" type="stmt"/>
        <line num="18" count="268" type="stmt"/>
        <line num="19" count="190" type="cond" truecount="1" falsecount="1"/>
        <line num="20" count="190" type="stmt"/>
        <line num="21" count="190" type="cond" truecount="3" falsecount="1"/>
        <line num="27" count="268" type="stmt"/>
        <line num="28" count="190" type="cond" truecount="1" falsecount="1"/>
        <line num="31" count="190" type="stmt"/>
        <line num="34" count="190" type="cond" truecount="2" falsecount="2"/>
        <line num="35" count="0" type="stmt"/>
        <line num="38" count="190" type="stmt"/>
        <line num="41" count="268" type="stmt"/>
        <line num="42" count="78" type="cond" truecount="1" falsecount="1"/>
        <line num="44" count="78" type="stmt"/>
        <line num="46" count="78" type="cond" truecount="1" falsecount="1"/>
        <line num="47" count="78" type="stmt"/>
        <line num="48" count="78" type="stmt"/>
        <line num="57" count="78" type="stmt"/>
        <line num="58" count="78" type="cond" truecount="1" falsecount="1"/>
        <line num="59" count="78" type="stmt"/>
        <line num="62" count="78" type="stmt"/>
        <line num="63" count="78" type="cond" truecount="1" falsecount="1"/>
        <line num="64" count="78" type="stmt"/>
        <line num="69" count="268" type="stmt"/>
        <line num="70" count="0" type="stmt"/>
        <line num="73" count="268" type="stmt"/>
        <line num="74" count="0" type="stmt"/>
        <line num="76" count="0" type="cond" truecount="0" falsecount="2"/>
        <line num="77" count="0" type="stmt"/>
        <line num="81" count="268" type="stmt"/>
      </file>
      <file name="PrivacyPolicy.js" path="C:\Users\kaker\AIdrivendevelopment\ぴあざさるうとver２\src\components\PrivacyPolicy.js">
        <metrics statements="2" coveredstatements="1" conditionals="0" coveredconditionals="0" methods="1" coveredmethods="0"/>
        <line num="4" count="1" type="stmt"/>
        <line num="5" count="0" type="stmt"/>
      </file>
      <file name="Recruit.js" path="C:\Users\kaker\AIdrivendevelopment\ぴあざさるうとver２\src\components\Recruit.js">
        <metrics statements="9" coveredstatements="1" conditionals="0" coveredconditionals="0" methods="5" coveredmethods="0"/>
        <line num="5" count="1" type="stmt"/>
        <line num="6" count="0" type="stmt"/>
        <line num="30" count="0" type="stmt"/>
        <line num="77" count="0" type="stmt"/>
        <line num="100" count="0" type="stmt"/>
        <line num="125" count="0" type="stmt"/>
        <line num="134" count="0" type="stmt"/>
        <line num="146" count="0" type="stmt"/>
        <line num="186" count="0" type="stmt"/>
      </file>
      <file name="RecruitForm.js" path="C:\Users\kaker\AIdrivendevelopment\ぴあざさるうとver２\src\components\RecruitForm.js">
        <metrics statements="36" coveredstatements="26" conditionals="44" coveredconditionals="33" methods="8" coveredmethods="6"/>
        <line num="3" count="1" type="stmt"/>
        <line num="4" count="12" type="stmt"/>
        <line num="14" count="11" type="stmt"/>
        <line num="15" count="11" type="stmt"/>
        <line num="16" count="11" type="stmt"/>
        <line num="18" count="11" type="stmt"/>
        <line num="19" count="3" type="stmt"/>
        <line num="20" count="3" type="cond" truecount="1" falsecount="1"/>
        <line num="21" count="3" type="stmt"/>
        <line num="23" count="3" type="cond" truecount="1" falsecount="1"/>
        <line num="24" count="3" type="stmt"/>
        <line num="25" count="0" type="cond" truecount="0" falsecount="2"/>
        <line num="26" count="0" type="stmt"/>
        <line num="28" count="3" type="cond" truecount="2" falsecount="0"/>
        <line num="29" count="2" type="stmt"/>
        <line num="31" count="3" type="cond" truecount="1" falsecount="1"/>
        <line num="32" count="3" type="stmt"/>
        <line num="34" count="3" type="stmt"/>
        <line num="35" count="3" type="stmt"/>
        <line num="38" count="11" type="stmt"/>
        <line num="39" count="3" type="stmt"/>
        <line num="40" count="3" type="cond" truecount="1" falsecount="1"/>
        <line num="42" count="0" type="stmt"/>
        <line num="43" count="0" type="stmt"/>
        <line num="45" count="0" type="stmt"/>
        <line num="46" count="0" type="stmt"/>
        <line num="47" count="0" type="stmt"/>
        <line num="57" count="0" type="stmt"/>
        <line num="59" count="0" type="stmt"/>
        <line num="63" count="11" type="stmt"/>
        <line num="64" count="4" type="stmt"/>
        <line num="65" count="4" type="stmt"/>
        <line num="70" count="4" type="cond" truecount="1" falsecount="1"/>
        <line num="71" count="0" type="stmt"/>
        <line num="78" count="11" type="stmt"/>
        <line num="236" count="22" type="stmt"/>
      </file>
      <file name="SEO.js" path="C:\Users\kaker\AIdrivendevelopment\ぴあざさるうとver２\src\components\SEO.js">
        <metrics statements="4" coveredstatements="4" conditionals="11" coveredconditionals="11" methods="1" coveredmethods="1"/>
        <line num="4" count="5" type="stmt"/>
        <line num="13" count="135" type="stmt"/>
        <line num="14" count="135" type="cond" truecount="2" falsecount="0"/>
        <line num="16" count="135" type="stmt"/>
      </file>
      <file name="Salon.js" path="C:\Users\kaker\AIdrivendevelopment\ぴあざさるうとver２\src\components\Salon.js">
        <metrics statements="2" coveredstatements="1" conditionals="0" coveredconditionals="0" methods="1" coveredmethods="0"/>
        <line num="5" count="1" type="stmt"/>
        <line num="6" count="0" type="stmt"/>
      </file>
      <file name="Services.js" path="C:\Users\kaker\AIdrivendevelopment\ぴあざさるうとver２\src\components\Services.js">
        <metrics statements="5" coveredstatements="5" conditionals="0" coveredconditionals="0" methods="3" coveredmethods="3"/>
        <line num="4" count="2" type="stmt"/>
        <line num="5" count="10" type="stmt"/>
        <line num="40" count="10" type="stmt"/>
        <line num="52" count="40" type="stmt"/>
        <line num="78" count="120" type="stmt"/>
      </file>
      <file name="Staff.js" path="C:\Users\kaker\AIdrivendevelopment\ぴあざさるうとver２\src\components\Staff.js">
        <metrics statements="10" coveredstatements="10" conditionals="8" coveredconditionals="8" methods="5" coveredmethods="5"/>
        <line num="7" count="2" type="stmt"/>
        <line num="8" count="17" type="stmt"/>
        <line num="29" count="17" type="stmt"/>
        <line num="38" count="17" type="stmt"/>
        <line num="48" count="34" type="stmt"/>
        <line num="64" count="17" type="stmt"/>
        <line num="65" count="48" type="stmt"/>
        <line num="91" count="96" type="stmt"/>
        <line num="110" count="17" type="stmt"/>
        <line num="139" count="34" type="stmt"/>
      </file>
      <file name="StaffDetail.js" path="C:\Users\kaker\AIdrivendevelopment\ぴあざさるうとver２\src\components\StaffDetail.js">
        <metrics statements="11" coveredstatements="1" conditionals="14" coveredconditionals="0" methods="4" coveredmethods="0"/>
        <line num="6" count="1" type="stmt"/>
        <line num="7" count="0" type="stmt"/>
        <line num="10" count="0" type="stmt"/>
        <line num="57" count="0" type="stmt"/>
        <line num="59" count="0" type="cond" truecount="0" falsecount="2"/>
        <line num="60" count="0" type="stmt"/>
        <line num="68" count="0" type="stmt"/>
        <line num="86" count="0" type="stmt"/>
        <line num="114" count="0" type="stmt"/>
        <line num="142" count="0" type="stmt"/>
        <line num="157" count="0" type="stmt"/>
      </file>
      <file name="StaffInterview.js" path="C:\Users\kaker\AIdrivendevelopment\ぴあざさるうとver２\src\components\StaffInterview.js">
        <metrics statements="5" coveredstatements="0" conditionals="0" coveredconditionals="0" methods="3" coveredmethods="0"/>
        <line num="5" count="0" type="stmt"/>
        <line num="6" count="0" type="stmt"/>
        <line num="69" count="0" type="stmt"/>
        <line num="75" count="0" type="stmt"/>
        <line num="94" count="0" type="stmt"/>
      </file>
      <file name="TestPage.js" path="C:\Users\kaker\AIdrivendevelopment\ぴあざさるうとver２\src\components\TestPage.js">
        <metrics statements="22" coveredstatements="1" conditionals="6" coveredconditionals="0" methods="12" coveredmethods="0"/>
        <line num="5" count="1" type="stmt"/>
        <line num="6" count="0" type="stmt"/>
        <line num="13" count="0" type="stmt"/>
        <line num="14" count="0" type="stmt"/>
        <line num="17" count="0" type="cond" truecount="0" falsecount="4"/>
        <line num="18" count="0" type="stmt"/>
        <line num="25" count="0" type="stmt"/>
        <line num="26" count="0" type="stmt"/>
        <line num="27" count="0" type="stmt"/>
        <line num="28" count="0" type="stmt"/>
        <line num="29" count="0" type="stmt"/>
        <line num="30" count="0" type="stmt"/>
        <line num="31" count="0" type="stmt"/>
        <line num="32" count="0" type="stmt"/>
        <line num="40" count="0" type="stmt"/>
        <line num="41" count="0" type="stmt"/>
        <line num="42" count="0" type="stmt"/>
        <line num="49" count="0" type="stmt"/>
        <line num="99" count="0" type="stmt"/>
        <line num="118" count="0" type="stmt"/>
        <line num="126" count="0" type="cond" truecount="0" falsecount="2"/>
        <line num="127" count="0" type="stmt"/>
      </file>
      <file name="Testimonials.js" path="C:\Users\kaker\AIdrivendevelopment\ぴあざさるうとver２\src\components\Testimonials.js">
        <metrics statements="5" coveredstatements="5" conditionals="0" coveredconditionals="0" methods="3" coveredmethods="3"/>
        <line num="4" count="2" type="stmt"/>
        <line num="5" count="11" type="stmt"/>
        <line num="26" count="33" type="stmt"/>
        <line num="28" count="11" type="stmt"/>
        <line num="40" count="33" type="stmt"/>
      </file>
    </package>
    <package name="src.context">
      <metrics statements="18" coveredstatements="3" conditionals="8" coveredconditionals="0" methods="6" coveredmethods="1"/>
      <file name="ThemeContext.js" path="C:\Users\kaker\AIdrivendevelopment\ぴあざさるうとver２\src\context\ThemeContext.js">
        <metrics statements="18" coveredstatements="3" conditionals="8" coveredconditionals="0" methods="6" coveredmethods="1"/>
        <line num="4" count="2" type="stmt"/>
        <line num="6" count="2" type="stmt"/>
        <line num="7" count="0" type="stmt"/>
        <line num="10" count="0" type="stmt"/>
        <line num="11" count="0" type="stmt"/>
        <line num="12" count="0" type="cond" truecount="0" falsecount="4"/>
        <line num="13" count="0" type="stmt"/>
        <line num="14" count="0" type="stmt"/>
        <line num="15" count="0" type="cond" truecount="0" falsecount="2"/>
        <line num="16" count="0" type="stmt"/>
        <line num="17" count="0" type="stmt"/>
        <line num="22" count="0" type="stmt"/>
        <line num="23" count="0" type="stmt"/>
        <line num="24" count="0" type="stmt"/>
        <line num="27" count="0" type="stmt"/>
        <line num="28" count="0" type="cond" truecount="0" falsecount="2"/>
        <line num="31" count="0" type="stmt"/>
        <line num="38" count="36" type="stmt"/>
      </file>
    </package>
  </project>
</coverage>
