{"C:\\Users\\kaker\\AIdrivendevelopment\\ぴあざさるうとver２\\src\\App.js": {"path":"C:\\Users\\kaker\\AIdrivendevelopment\\ぴあざさるうとver２\\src\\App.js","statementMap":{"0":{"start":{"line":26,"column":2},"end":{"line":67,"column":4}}},"fnMap":{"0":{"name":"App","decl":{"start":{"line":25,"column":9},"end":{"line":25,"column":12}},"loc":{"start":{"line":25,"column":15},"end":{"line":68,"column":1}},"line":25}},"branchMap":{},"s":{"0":5},"f":{"0":5},"b":{},"_coverageSchema":"1a1c01bbd47fc00a2c39e90264f33305004495a9","hash":"9b87f6074025fed14e37bb4c1e0f916feec3259e"}
,"C:\\Users\\kaker\\AIdrivendevelopment\\ぴあざさるうとver２\\src\\index.js": {"path":"C:\\Users\\kaker\\AIdrivendevelopment\\ぴあざさるうとver２\\src\\index.js","statementMap":{"0":{"start":{"line":9,"column":22},"end":{"line":43,"column":1}},"1":{"start":{"line":45,"column":18},"end":{"line":45,"column":49}},"2":{"start":{"line":46,"column":13},"end":{"line":46,"column":34}},"3":{"start":{"line":48,"column":0},"end":{"line":56,"column":2}}},"fnMap":{},"branchMap":{},"s":{"0":0,"1":0,"2":0,"3":0},"f":{},"b":{}}
,"C:\\Users\\kaker\\AIdrivendevelopment\\ぴあざさるうとver２\\src\\components\\Access.js": {"path":"C:\\Users\\kaker\\AIdrivendevelopment\\ぴあざさるうとver２\\src\\components\\Access.js","statementMap":{"0":{"start":{"line":4,"column":15},"end":{"line":63,"column":1}},"1":{"start":{"line":5,"column":2},"end":{"line":62,"column":4}}},"fnMap":{"0":{"name":"(anonymous_0)","decl":{"start":{"line":4,"column":15},"end":{"line":4,"column":16}},"loc":{"start":{"line":4,"column":21},"end":{"line":63,"column":1}},"line":4}},"branchMap":{},"s":{"0":2,"1":12},"f":{"0":12},"b":{},"_coverageSchema":"1a1c01bbd47fc00a2c39e90264f33305004495a9","hash":"f37482f2a1611734ba32fe0690cab48f3f95568b"}
,"C:\\Users\\kaker\\AIdrivendevelopment\\ぴあざさるうとver２\\src\\components\\AnimatedSection.js": {"path":"C:\\Users\\kaker\\AIdrivendevelopment\\ぴあざさるうとver２\\src\\components\\AnimatedSection.js","statementMap":{"0":{"start":{"line":3,"column":24},"end":{"line":69,"column":1}},"1":{"start":{"line":11,"column":21},"end":{"line":11,"column":33}},"2":{"start":{"line":12,"column":36},"end":{"line":12,"column":51}},"3":{"start":{"line":13,"column":40},"end":{"line":13,"column":55}},"4":{"start":{"line":15,"column":2},"end":{"line":41,"column":31}},"5":{"start":{"line":16,"column":4},"end":{"line":16,"column":28}},"6":{"start":{"line":16,"column":21},"end":{"line":16,"column":28}},"7":{"start":{"line":18,"column":21},"end":{"line":30,"column":5}},"8":{"start":{"line":20,"column":8},"end":{"line":24,"column":9}},"9":{"start":{"line":21,"column":10},"end":{"line":21,"column":29}},"10":{"start":{"line":22,"column":10},"end":{"line":22,"column":31}},"11":{"start":{"line":23,"column":10},"end":{"line":23,"column":32}},"12":{"start":{"line":32,"column":4},"end":{"line":34,"column":5}},"13":{"start":{"line":33,"column":6},"end":{"line":33,"column":43}},"14":{"start":{"line":36,"column":4},"end":{"line":40,"column":6}},"15":{"start":{"line":37,"column":6},"end":{"line":39,"column":7}},"16":{"start":{"line":38,"column":8},"end":{"line":38,"column":47}},"17":{"start":{"line":43,"column":30},"end":{"line":55,"column":3}},"18":{"start":{"line":44,"column":24},"end":{"line":44,"column":62}},"19":{"start":{"line":45,"column":29},"end":{"line":52,"column":5}},"20":{"start":{"line":54,"column":4},"end":{"line":54,"column":125}},"21":{"start":{"line":57,"column":2},"end":{"line":68,"column":4}}},"fnMap":{"0":{"name":"(anonymous_0)","decl":{"start":{"line":3,"column":24},"end":{"line":3,"column":25}},"loc":{"start":{"line":10,"column":6},"end":{"line":69,"column":1}},"line":10},"1":{"name":"(anonymous_1)","decl":{"start":{"line":15,"column":12},"end":{"line":15,"column":13}},"loc":{"start":{"line":15,"column":18},"end":{"line":41,"column":3}},"line":15},"2":{"name":"(anonymous_2)","decl":{"start":{"line":19,"column":6},"end":{"line":19,"column":7}},"loc":{"start":{"line":19,"column":19},"end":{"line":25,"column":7}},"line":19},"3":{"name":"(anonymous_3)","decl":{"start":{"line":36,"column":11},"end":{"line":36,"column":12}},"loc":{"start":{"line":36,"column":17},"end":{"line":40,"column":5}},"line":36},"4":{"name":"(anonymous_4)","decl":{"start":{"line":43,"column":30},"end":{"line":43,"column":31}},"loc":{"start":{"line":43,"column":36},"end":{"line":55,"column":3}},"line":43}},"branchMap":{"0":{"loc":{"start":{"line":5,"column":2},"end":{"line":5,"column":16}},"type":"default-arg","locations":[{"start":{"line":5,"column":14},"end":{"line":5,"column":16}}],"line":5},"1":{"loc":{"start":{"line":6,"column":2},"end":{"line":6,"column":23}},"type":"default-arg","locations":[{"start":{"line":6,"column":14},"end":{"line":6,"column":23}}],"line":6},"2":{"loc":{"start":{"line":7,"column":2},"end":{"line":7,"column":11}},"type":"default-arg","locations":[{"start":{"line":7,"column":10},"end":{"line":7,"column":11}}],"line":7},"3":{"loc":{"start":{"line":8,"column":2},"end":{"line":8,"column":17}},"type":"default-arg","locations":[{"start":{"line":8,"column":14},"end":{"line":8,"column":17}}],"line":8},"4":{"loc":{"start":{"line":16,"column":4},"end":{"line":16,"column":28}},"type":"if","locations":[{"start":{"line":16,"column":4},"end":{"line":16,"column":28}},{"start":{},"end":{}}],"line":16},"5":{"loc":{"start":{"line":20,"column":8},"end":{"line":24,"column":9}},"type":"if","locations":[{"start":{"line":20,"column":8},"end":{"line":24,"column":9}},{"start":{},"end":{}}],"line":20},"6":{"loc":{"start":{"line":32,"column":4},"end":{"line":34,"column":5}},"type":"if","locations":[{"start":{"line":32,"column":4},"end":{"line":34,"column":5}},{"start":{},"end":{}}],"line":32},"7":{"loc":{"start":{"line":37,"column":6},"end":{"line":39,"column":7}},"type":"if","locations":[{"start":{"line":37,"column":6},"end":{"line":39,"column":7}},{"start":{},"end":{}}],"line":37},"8":{"loc":{"start":{"line":54,"column":29},"end":{"line":54,"column":122}},"type":"cond-expr","locations":[{"start":{"line":54,"column":41},"end":{"line":54,"column":92}},{"start":{"line":54,"column":95},"end":{"line":54,"column":122}}],"line":54}},"s":{"0":6,"1":558,"2":558,"3":558,"4":558,"5":196,"6":98,"7":98,"8":98,"9":98,"10":98,"11":98,"12":98,"13":98,"14":98,"15":98,"16":98,"17":558,"18":558,"19":558,"20":558,"21":558},"f":{"0":558,"1":196,"2":98,"3":98,"4":558},"b":{"0":[122],"1":[0],"2":[208],"3":[558],"4":[98,98],"5":[98,0],"6":[98,0],"7":[98,0],"8":[338,220]},"_coverageSchema":"1a1c01bbd47fc00a2c39e90264f33305004495a9","hash":"4f26a56c764f02f89122df8a7eb597a465b996d4"}
,"C:\\Users\\kaker\\AIdrivendevelopment\\ぴあざさるうとver２\\src\\components\\Concept.js": {"path":"C:\\Users\\kaker\\AIdrivendevelopment\\ぴあざさるうとver２\\src\\components\\Concept.js","statementMap":{"0":{"start":{"line":4,"column":16},"end":{"line":110,"column":1}},"1":{"start":{"line":5,"column":2},"end":{"line":109,"column":4}}},"fnMap":{"0":{"name":"(anonymous_0)","decl":{"start":{"line":4,"column":16},"end":{"line":4,"column":17}},"loc":{"start":{"line":4,"column":22},"end":{"line":110,"column":1}},"line":4}},"branchMap":{},"s":{"0":2,"1":11},"f":{"0":11},"b":{},"_coverageSchema":"1a1c01bbd47fc00a2c39e90264f33305004495a9","hash":"06c419127a73f28c5c7febea197035352f42734a"}
,"C:\\Users\\kaker\\AIdrivendevelopment\\ぴあざさるうとver２\\src\\components\\Contact.js": {"path":"C:\\Users\\kaker\\AIdrivendevelopment\\ぴあざさるうとver２\\src\\components\\Contact.js","statementMap":{"0":{"start":{"line":5,"column":16},"end":{"line":255,"column":1}},"1":{"start":{"line":6,"column":34},"end":{"line":16,"column":4}},"2":{"start":{"line":18,"column":30},"end":{"line":18,"column":42}},"3":{"start":{"line":19,"column":42},"end":{"line":19,"column":57}},"4":{"start":{"line":20,"column":42},"end":{"line":20,"column":56}},"5":{"start":{"line":22,"column":20},"end":{"line":45,"column":3}},"6":{"start":{"line":47,"column":23},"end":{"line":53,"column":3}},"7":{"start":{"line":48,"column":43},"end":{"line":48,"column":51}},"8":{"start":{"line":49,"column":4},"end":{"line":49,"column":86}},"9":{"start":{"line":49,"column":25},"end":{"line":49,"column":83}},"10":{"start":{"line":50,"column":4},"end":{"line":52,"column":5}},"11":{"start":{"line":51,"column":6},"end":{"line":51,"column":51}},"12":{"start":{"line":51,"column":25},"end":{"line":51,"column":48}},"13":{"start":{"line":55,"column":19},"end":{"line":65,"column":3}},"14":{"start":{"line":56,"column":22},"end":{"line":56,"column":24}},"15":{"start":{"line":57,"column":4},"end":{"line":57,"column":64}},"16":{"start":{"line":57,"column":31},"end":{"line":57,"column":64}},"17":{"start":{"line":58,"column":4},"end":{"line":58,"column":70}},"18":{"start":{"line":58,"column":32},"end":{"line":58,"column":70}},"19":{"start":{"line":59,"column":4},"end":{"line":59,"column":67}},"20":{"start":{"line":59,"column":32},"end":{"line":59,"column":67}},"21":{"start":{"line":60,"column":4},"end":{"line":60,"column":92}},"22":{"start":{"line":60,"column":59},"end":{"line":60,"column":92}},"23":{"start":{"line":61,"column":4},"end":{"line":61,"column":93}},"24":{"start":{"line":61,"column":59},"end":{"line":61,"column":93}},"25":{"start":{"line":62,"column":4},"end":{"line":62,"column":66}},"26":{"start":{"line":62,"column":25},"end":{"line":62,"column":66}},"27":{"start":{"line":63,"column":4},"end":{"line":63,"column":25}},"28":{"start":{"line":64,"column":4},"end":{"line":64,"column":47}},"29":{"start":{"line":67,"column":23},"end":{"line":77,"column":3}},"30":{"start":{"line":68,"column":4},"end":{"line":68,"column":23}},"31":{"start":{"line":69,"column":4},"end":{"line":76,"column":5}},"32":{"start":{"line":70,"column":6},"end":{"line":70,"column":28}},"33":{"start":{"line":72,"column":6},"end":{"line":75,"column":15}},"34":{"start":{"line":73,"column":8},"end":{"line":73,"column":35}},"35":{"start":{"line":74,"column":8},"end":{"line":74,"column":31}},"36":{"start":{"line":79,"column":2},"end":{"line":254,"column":4}}},"fnMap":{"0":{"name":"(anonymous_0)","decl":{"start":{"line":5,"column":16},"end":{"line":5,"column":17}},"loc":{"start":{"line":5,"column":22},"end":{"line":255,"column":1}},"line":5},"1":{"name":"(anonymous_1)","decl":{"start":{"line":47,"column":23},"end":{"line":47,"column":24}},"loc":{"start":{"line":47,"column":30},"end":{"line":53,"column":3}},"line":47},"2":{"name":"(anonymous_2)","decl":{"start":{"line":49,"column":16},"end":{"line":49,"column":17}},"loc":{"start":{"line":49,"column":25},"end":{"line":49,"column":83}},"line":49},"3":{"name":"(anonymous_3)","decl":{"start":{"line":51,"column":16},"end":{"line":51,"column":17}},"loc":{"start":{"line":51,"column":25},"end":{"line":51,"column":48}},"line":51},"4":{"name":"(anonymous_4)","decl":{"start":{"line":55,"column":19},"end":{"line":55,"column":20}},"loc":{"start":{"line":55,"column":25},"end":{"line":65,"column":3}},"line":55},"5":{"name":"(anonymous_5)","decl":{"start":{"line":67,"column":23},"end":{"line":67,"column":24}},"loc":{"start":{"line":67,"column":30},"end":{"line":77,"column":3}},"line":67},"6":{"name":"(anonymous_6)","decl":{"start":{"line":72,"column":17},"end":{"line":72,"column":18}},"loc":{"start":{"line":72,"column":23},"end":{"line":75,"column":7}},"line":72}},"branchMap":{"0":{"loc":{"start":{"line":49,"column":44},"end":{"line":49,"column":81}},"type":"cond-expr","locations":[{"start":{"line":49,"column":66},"end":{"line":49,"column":73}},{"start":{"line":49,"column":76},"end":{"line":49,"column":81}}],"line":49},"1":{"loc":{"start":{"line":50,"column":4},"end":{"line":52,"column":5}},"type":"if","locations":[{"start":{"line":50,"column":4},"end":{"line":52,"column":5}},{"start":{},"end":{}}],"line":50},"2":{"loc":{"start":{"line":57,"column":4},"end":{"line":57,"column":64}},"type":"if","locations":[{"start":{"line":57,"column":4},"end":{"line":57,"column":64}},{"start":{},"end":{}}],"line":57},"3":{"loc":{"start":{"line":58,"column":4},"end":{"line":58,"column":70}},"type":"if","locations":[{"start":{"line":58,"column":4},"end":{"line":58,"column":70}},{"start":{},"end":{}}],"line":58},"4":{"loc":{"start":{"line":59,"column":4},"end":{"line":59,"column":67}},"type":"if","locations":[{"start":{"line":59,"column":4},"end":{"line":59,"column":67}},{"start":{},"end":{}}],"line":59},"5":{"loc":{"start":{"line":60,"column":4},"end":{"line":60,"column":92}},"type":"if","locations":[{"start":{"line":60,"column":4},"end":{"line":60,"column":92}},{"start":{},"end":{}}],"line":60},"6":{"loc":{"start":{"line":60,"column":8},"end":{"line":60,"column":57}},"type":"binary-expr","locations":[{"start":{"line":60,"column":8},"end":{"line":60,"column":39}},{"start":{"line":60,"column":43},"end":{"line":60,"column":57}}],"line":60},"7":{"loc":{"start":{"line":61,"column":4},"end":{"line":61,"column":93}},"type":"if","locations":[{"start":{"line":61,"column":4},"end":{"line":61,"column":93}},{"start":{},"end":{}}],"line":61},"8":{"loc":{"start":{"line":61,"column":8},"end":{"line":61,"column":57}},"type":"binary-expr","locations":[{"start":{"line":61,"column":8},"end":{"line":61,"column":39}},{"start":{"line":61,"column":43},"end":{"line":61,"column":57}}],"line":61},"9":{"loc":{"start":{"line":62,"column":4},"end":{"line":62,"column":66}},"type":"if","locations":[{"start":{"line":62,"column":4},"end":{"line":62,"column":66}},{"start":{},"end":{}}],"line":62},"10":{"loc":{"start":{"line":69,"column":4},"end":{"line":76,"column":5}},"type":"if","locations":[{"start":{"line":69,"column":4},"end":{"line":76,"column":5}},{"start":{},"end":{}}],"line":69},"11":{"loc":{"start":{"line":113,"column":13},"end":{"line":249,"column":13}},"type":"cond-expr","locations":[{"start":{"line":114,"column":14},"end":{"line":116,"column":20}},{"start":{"line":118,"column":14},"end":{"line":248,"column":21}}],"line":113},"12":{"loc":{"start":{"line":129,"column":19},"end":{"line":129,"column":92}},"type":"binary-expr","locations":[{"start":{"line":129,"column":19},"end":{"line":129,"column":30}},{"start":{"line":129,"column":34},"end":{"line":129,"column":92}}],"line":129},"13":{"loc":{"start":{"line":142,"column":19},"end":{"line":142,"column":94}},"type":"binary-expr","locations":[{"start":{"line":142,"column":19},"end":{"line":142,"column":31}},{"start":{"line":142,"column":35},"end":{"line":142,"column":94}}],"line":142},"14":{"loc":{"start":{"line":155,"column":19},"end":{"line":155,"column":94}},"type":"binary-expr","locations":[{"start":{"line":155,"column":19},"end":{"line":155,"column":31}},{"start":{"line":155,"column":35},"end":{"line":155,"column":94}}],"line":155},"15":{"loc":{"start":{"line":172,"column":17},"end":{"line":210,"column":17}},"type":"binary-expr","locations":[{"start":{"line":172,"column":17},"end":{"line":172,"column":48}},{"start":{"line":173,"column":18},"end":{"line":209,"column":21}}],"line":172},"16":{"loc":{"start":{"line":184,"column":23},"end":{"line":184,"column":96}},"type":"binary-expr","locations":[{"start":{"line":184,"column":23},"end":{"line":184,"column":34}},{"start":{"line":184,"column":38},"end":{"line":184,"column":96}}],"line":184},"17":{"loc":{"start":{"line":196,"column":23},"end":{"line":196,"column":96}},"type":"binary-expr","locations":[{"start":{"line":196,"column":23},"end":{"line":196,"column":34}},{"start":{"line":196,"column":38},"end":{"line":196,"column":96}}],"line":196},"18":{"loc":{"start":{"line":236,"column":19},"end":{"line":236,"column":94}},"type":"binary-expr","locations":[{"start":{"line":236,"column":19},"end":{"line":236,"column":31}},{"start":{"line":236,"column":35},"end":{"line":236,"column":94}}],"line":236},"19":{"loc":{"start":{"line":245,"column":21},"end":{"line":245,"column":53}},"type":"cond-expr","locations":[{"start":{"line":245,"column":36},"end":{"line":245,"column":44}},{"start":{"line":245,"column":47},"end":{"line":245,"column":53}}],"line":245}},"s":{"0":2,"1":88,"2":87,"3":87,"4":87,"5":87,"6":87,"7":76,"8":76,"9":76,"10":76,"11":0,"12":0,"13":87,"14":3,"15":3,"16":1,"17":3,"18":1,"19":3,"20":1,"21":3,"22":2,"23":3,"24":2,"25":3,"26":1,"27":3,"28":3,"29":87,"30":3,"31":3,"32":1,"33":1,"34":1,"35":1,"36":87},"f":{"0":88,"1":76,"2":76,"3":0,"4":3,"5":3,"6":1},"b":{"0":[2,74],"1":[0,76],"2":[1,2],"3":[1,2],"4":[1,2],"5":[2,1],"6":[3,3],"7":[2,1],"8":[3,3],"9":[1,2],"10":[1,2],"11":[1,86],"12":[86,1],"13":[86,1],"14":[86,1],"15":[86,85],"16":[85,2],"17":[85,2],"18":[86,1],"19":[1,85]},"_coverageSchema":"1a1c01bbd47fc00a2c39e90264f33305004495a9","hash":"15272a30bbbb2073b1538a114382f40e2e85a865"}
,"C:\\Users\\kaker\\AIdrivendevelopment\\ぴあざさるうとver２\\src\\components\\FAQ.js": {"path":"C:\\Users\\kaker\\AIdrivendevelopment\\ぴあざさるうとver２\\src\\components\\FAQ.js","statementMap":{"0":{"start":{"line":5,"column":12},"end":{"line":179,"column":1}},"1":{"start":{"line":6,"column":36},"end":{"line":6,"column":50}},"2":{"start":{"line":8,"column":20},"end":{"line":34,"column":3}},"3":{"start":{"line":36,"column":24},"end":{"line":105,"column":3}},"4":{"start":{"line":107,"column":20},"end":{"line":109,"column":3}},"5":{"start":{"line":108,"column":4},"end":{"line":108,"column":53}},"6":{"start":{"line":111,"column":2},"end":{"line":178,"column":4}},"7":{"start":{"line":120,"column":14},"end":{"line":151,"column":20}},"8":{"start":{"line":124,"column":34},"end":{"line":124,"column":65}},"9":{"start":{"line":125,"column":35},"end":{"line":125,"column":54}},"10":{"start":{"line":127,"column":20},"end":{"line":148,"column":22}},"11":{"start":{"line":131,"column":41},"end":{"line":131,"column":57}}},"fnMap":{"0":{"name":"(anonymous_0)","decl":{"start":{"line":5,"column":12},"end":{"line":5,"column":13}},"loc":{"start":{"line":5,"column":18},"end":{"line":179,"column":1}},"line":5},"1":{"name":"(anonymous_1)","decl":{"start":{"line":107,"column":20},"end":{"line":107,"column":21}},"loc":{"start":{"line":107,"column":31},"end":{"line":109,"column":3}},"line":107},"2":{"name":"(anonymous_2)","decl":{"start":{"line":119,"column":31},"end":{"line":119,"column":32}},"loc":{"start":{"line":120,"column":14},"end":{"line":151,"column":20}},"line":120},"3":{"name":"(anonymous_3)","decl":{"start":{"line":123,"column":38},"end":{"line":123,"column":39}},"loc":{"start":{"line":123,"column":59},"end":{"line":149,"column":19}},"line":123},"4":{"name":"(anonymous_4)","decl":{"start":{"line":131,"column":35},"end":{"line":131,"column":36}},"loc":{"start":{"line":131,"column":41},"end":{"line":131,"column":57}},"line":131}},"branchMap":{"0":{"loc":{"start":{"line":108,"column":17},"end":{"line":108,"column":51}},"type":"cond-expr","locations":[{"start":{"line":108,"column":39},"end":{"line":108,"column":43}},{"start":{"line":108,"column":46},"end":{"line":108,"column":51}}],"line":108},"1":{"loc":{"start":{"line":135,"column":79},"end":{"line":135,"column":105}},"type":"cond-expr","locations":[{"start":{"line":135,"column":88},"end":{"line":135,"column":100}},{"start":{"line":135,"column":103},"end":{"line":135,"column":105}}],"line":135},"2":{"loc":{"start":{"line":142,"column":28},"end":{"line":142,"column":81}},"type":"cond-expr","locations":[{"start":{"line":142,"column":37},"end":{"line":142,"column":59}},{"start":{"line":142,"column":62},"end":{"line":142,"column":81}}],"line":142}},"s":{"0":2,"1":15,"2":14,"3":14,"4":14,"5":0,"6":14,"7":56,"8":168,"9":168,"10":168,"11":0},"f":{"0":15,"1":0,"2":56,"3":168,"4":0},"b":{"0":[0,0],"1":[0,168],"2":[0,168]},"_coverageSchema":"1a1c01bbd47fc00a2c39e90264f33305004495a9","hash":"bdc63dd6ee0b81f675b35aea62bde38a5574f11a"}
,"C:\\Users\\kaker\\AIdrivendevelopment\\ぴあざさるうとver２\\src\\components\\Footer.js": {"path":"C:\\Users\\kaker\\AIdrivendevelopment\\ぴあざさるうとver２\\src\\components\\Footer.js","statementMap":{"0":{"start":{"line":5,"column":15},"end":{"line":134,"column":1}},"1":{"start":{"line":6,"column":2},"end":{"line":133,"column":4}}},"fnMap":{"0":{"name":"(anonymous_0)","decl":{"start":{"line":5,"column":15},"end":{"line":5,"column":16}},"loc":{"start":{"line":5,"column":21},"end":{"line":134,"column":1}},"line":5}},"branchMap":{},"s":{"0":2,"1":20},"f":{"0":20},"b":{},"_coverageSchema":"1a1c01bbd47fc00a2c39e90264f33305004495a9","hash":"98b9f77777df1b4bee718446325a8ddb383e7f56"}
,"C:\\Users\\kaker\\AIdrivendevelopment\\ぴあざさるうとver２\\src\\components\\Gallery.js": {"path":"C:\\Users\\kaker\\AIdrivendevelopment\\ぴあざさるうとver２\\src\\components\\Gallery.js","statementMap":{"0":{"start":{"line":5,"column":16},"end":{"line":44,"column":1}},"1":{"start":{"line":6,"column":17},"end":{"line":13,"column":3}},"2":{"start":{"line":15,"column":2},"end":{"line":43,"column":4}},"3":{"start":{"line":27,"column":12},"end":{"line":38,"column":30}}},"fnMap":{"0":{"name":"(anonymous_0)","decl":{"start":{"line":5,"column":16},"end":{"line":5,"column":17}},"loc":{"start":{"line":5,"column":22},"end":{"line":44,"column":1}},"line":5},"1":{"name":"(anonymous_1)","decl":{"start":{"line":26,"column":22},"end":{"line":26,"column":23}},"loc":{"start":{"line":27,"column":12},"end":{"line":38,"column":30}},"line":27}},"branchMap":{},"s":{"0":2,"1":11,"2":11,"3":66},"f":{"0":11,"1":66},"b":{},"_coverageSchema":"1a1c01bbd47fc00a2c39e90264f33305004495a9","hash":"11f48e41ed2b90430fd9e4c805bac240f828c9ed"}
,"C:\\Users\\kaker\\AIdrivendevelopment\\ぴあざさるうとver２\\src\\components\\GoogleMap.js": {"path":"C:\\Users\\kaker\\AIdrivendevelopment\\ぴあざさるうとver２\\src\\components\\GoogleMap.js","statementMap":{"0":{"start":{"line":3,"column":18},"end":{"line":19,"column":1}},"1":{"start":{"line":4,"column":2},"end":{"line":18,"column":4}}},"fnMap":{"0":{"name":"(anonymous_0)","decl":{"start":{"line":3,"column":18},"end":{"line":3,"column":19}},"loc":{"start":{"line":3,"column":24},"end":{"line":19,"column":1}},"line":3}},"branchMap":{},"s":{"0":3,"1":30},"f":{"0":30},"b":{},"_coverageSchema":"1a1c01bbd47fc00a2c39e90264f33305004495a9","hash":"c4b2af35b784c697533e4ecb5d299af5145e2e85"}
,"C:\\Users\\kaker\\AIdrivendevelopment\\ぴあざさるうとver２\\src\\components\\Header.js": {"path":"C:\\Users\\kaker\\AIdrivendevelopment\\ぴあざさるうとver２\\src\\components\\Header.js","statementMap":{"0":{"start":{"line":5,"column":15},"end":{"line":171,"column":1}},"1":{"start":{"line":6,"column":38},"end":{"line":6,"column":53}},"2":{"start":{"line":7,"column":33},"end":{"line":7,"column":43}},"3":{"start":{"line":9,"column":21},"end":{"line":11,"column":3}},"4":{"start":{"line":10,"column":4},"end":{"line":10,"column":31}},"5":{"start":{"line":13,"column":2},"end":{"line":170,"column":4}},"6":{"start":{"line":120,"column":31},"end":{"line":120,"column":51}},"7":{"start":{"line":127,"column":31},"end":{"line":127,"column":51}},"8":{"start":{"line":134,"column":31},"end":{"line":134,"column":51}},"9":{"start":{"line":141,"column":31},"end":{"line":141,"column":51}},"10":{"start":{"line":148,"column":31},"end":{"line":148,"column":51}}},"fnMap":{"0":{"name":"(anonymous_0)","decl":{"start":{"line":5,"column":15},"end":{"line":5,"column":16}},"loc":{"start":{"line":5,"column":21},"end":{"line":171,"column":1}},"line":5},"1":{"name":"(anonymous_1)","decl":{"start":{"line":9,"column":21},"end":{"line":9,"column":22}},"loc":{"start":{"line":9,"column":27},"end":{"line":11,"column":3}},"line":9},"2":{"name":"(anonymous_2)","decl":{"start":{"line":120,"column":25},"end":{"line":120,"column":26}},"loc":{"start":{"line":120,"column":31},"end":{"line":120,"column":51}},"line":120},"3":{"name":"(anonymous_3)","decl":{"start":{"line":127,"column":25},"end":{"line":127,"column":26}},"loc":{"start":{"line":127,"column":31},"end":{"line":127,"column":51}},"line":127},"4":{"name":"(anonymous_4)","decl":{"start":{"line":134,"column":25},"end":{"line":134,"column":26}},"loc":{"start":{"line":134,"column":31},"end":{"line":134,"column":51}},"line":134},"5":{"name":"(anonymous_5)","decl":{"start":{"line":141,"column":25},"end":{"line":141,"column":26}},"loc":{"start":{"line":141,"column":31},"end":{"line":141,"column":51}},"line":141},"6":{"name":"(anonymous_6)","decl":{"start":{"line":148,"column":25},"end":{"line":148,"column":26}},"loc":{"start":{"line":148,"column":31},"end":{"line":148,"column":51}},"line":148}},"branchMap":{"0":{"loc":{"start":{"line":69,"column":15},"end":{"line":77,"column":15}},"type":"cond-expr","locations":[{"start":{"line":70,"column":16},"end":{"line":72,"column":22}},{"start":{"line":74,"column":16},"end":{"line":76,"column":22}}],"line":69},"1":{"loc":{"start":{"line":93,"column":17},"end":{"line":107,"column":17}},"type":"cond-expr","locations":[{"start":{"line":94,"column":18},"end":{"line":99,"column":20}},{"start":{"line":101,"column":18},"end":{"line":106,"column":20}}],"line":93},"2":{"loc":{"start":{"line":114,"column":9},"end":{"line":167,"column":9}},"type":"binary-expr","locations":[{"start":{"line":114,"column":9},"end":{"line":114,"column":19}},{"start":{"line":115,"column":10},"end":{"line":166,"column":16}}],"line":114}},"s":{"0":2,"1":38,"2":36,"3":0,"4":0,"5":0,"6":0,"7":0,"8":0,"9":0,"10":0},"f":{"0":38,"1":0,"2":0,"3":0,"4":0,"5":0,"6":0},"b":{"0":[0,0],"1":[0,0],"2":[0,0]},"_coverageSchema":"1a1c01bbd47fc00a2c39e90264f33305004495a9","hash":"3d285eee83326982614c33a4360effe599ca7b68"}
,"C:\\Users\\kaker\\AIdrivendevelopment\\ぴあざさるうとver２\\src\\components\\Hero.js": {"path":"C:\\Users\\kaker\\AIdrivendevelopment\\ぴあざさるうとver２\\src\\components\\Hero.js","statementMap":{"0":{"start":{"line":4,"column":13},"end":{"line":90,"column":1}},"1":{"start":{"line":5,"column":2},"end":{"line":89,"column":4}}},"fnMap":{"0":{"name":"(anonymous_0)","decl":{"start":{"line":4,"column":13},"end":{"line":4,"column":14}},"loc":{"start":{"line":4,"column":19},"end":{"line":90,"column":1}},"line":4}},"branchMap":{},"s":{"0":1,"1":4},"f":{"0":4},"b":{},"_coverageSchema":"1a1c01bbd47fc00a2c39e90264f33305004495a9","hash":"592f3c4c536b22ad4d636fdd875bb1674ea07d21"}
,"C:\\Users\\kaker\\AIdrivendevelopment\\ぴあざさるうとver２\\src\\components\\LegalNotice.js": {"path":"C:\\Users\\kaker\\AIdrivendevelopment\\ぴあざさるうとver２\\src\\components\\LegalNotice.js","statementMap":{"0":{"start":{"line":4,"column":20},"end":{"line":119,"column":1}},"1":{"start":{"line":5,"column":2},"end":{"line":118,"column":4}}},"fnMap":{"0":{"name":"(anonymous_0)","decl":{"start":{"line":4,"column":20},"end":{"line":4,"column":21}},"loc":{"start":{"line":4,"column":26},"end":{"line":119,"column":1}},"line":4}},"branchMap":{},"s":{"0":1,"1":0},"f":{"0":0},"b":{},"_coverageSchema":"1a1c01bbd47fc00a2c39e90264f33305004495a9","hash":"c39be75bc1669e2ac8e9826d2f4dee094002eee7"}
,"C:\\Users\\kaker\\AIdrivendevelopment\\ぴあざさるうとver２\\src\\components\\Menu.js": {"path":"C:\\Users\\kaker\\AIdrivendevelopment\\ぴあざさるうとver２\\src\\components\\Menu.js","statementMap":{"0":{"start":{"line":4,"column":13},"end":{"line":115,"column":1}},"1":{"start":{"line":5,"column":25},"end":{"line":42,"column":3}},"2":{"start":{"line":44,"column":20},"end":{"line":75,"column":3}},"3":{"start":{"line":77,"column":2},"end":{"line":114,"column":4}},"4":{"start":{"line":84,"column":12},"end":{"line":102,"column":22}},"5":{"start":{"line":88,"column":18},"end":{"line":99,"column":24}}},"fnMap":{"0":{"name":"(anonymous_0)","decl":{"start":{"line":4,"column":13},"end":{"line":4,"column":14}},"loc":{"start":{"line":4,"column":19},"end":{"line":115,"column":1}},"line":4},"1":{"name":"(anonymous_1)","decl":{"start":{"line":83,"column":30},"end":{"line":83,"column":31}},"loc":{"start":{"line":84,"column":12},"end":{"line":102,"column":22}},"line":84},"2":{"name":"(anonymous_2)","decl":{"start":{"line":87,"column":36},"end":{"line":87,"column":37}},"loc":{"start":{"line":88,"column":18},"end":{"line":99,"column":24}},"line":88}},"branchMap":{},"s":{"0":2,"1":11,"2":11,"3":11,"4":44,"5":132},"f":{"0":11,"1":44,"2":132},"b":{},"_coverageSchema":"1a1c01bbd47fc00a2c39e90264f33305004495a9","hash":"7c3fd343313b5c69f81039441fadbd8717c97a9c"}
,"C:\\Users\\kaker\\AIdrivendevelopment\\ぴあざさるうとver２\\src\\components\\OptimizedImage.js": {"path":"C:\\Users\\kaker\\AIdrivendevelopment\\ぴあざさるうとver２\\src\\components\\OptimizedImage.js","statementMap":{"0":{"start":{"line":3,"column":23},"end":{"line":124,"column":1}},"1":{"start":{"line":13,"column":34},"end":{"line":13,"column":49}},"2":{"start":{"line":14,"column":34},"end":{"line":14,"column":52}},"3":{"start":{"line":15,"column":28},"end":{"line":15,"column":43}},"4":{"start":{"line":18,"column":23},"end":{"line":24,"column":8}},"5":{"start":{"line":19,"column":4},"end":{"line":19,"column":52}},"6":{"start":{"line":19,"column":39},"end":{"line":19,"column":52}},"7":{"start":{"line":20,"column":19},"end":{"line":20,"column":51}},"8":{"start":{"line":21,"column":4},"end":{"line":23,"column":14}},"9":{"start":{"line":27,"column":23},"end":{"line":39,"column":25}},"10":{"start":{"line":28,"column":4},"end":{"line":28,"column":24}},"11":{"start":{"line":28,"column":14},"end":{"line":28,"column":24}},"12":{"start":{"line":31,"column":22},"end":{"line":31,"column":56}},"13":{"start":{"line":34,"column":4},"end":{"line":36,"column":5}},"14":{"start":{"line":35,"column":6},"end":{"line":35,"column":55}},"15":{"start":{"line":38,"column":4},"end":{"line":38,"column":15}},"16":{"start":{"line":41,"column":2},"end":{"line":67,"column":22}},"17":{"start":{"line":42,"column":4},"end":{"line":42,"column":25}},"18":{"start":{"line":42,"column":18},"end":{"line":42,"column":25}},"19":{"start":{"line":44,"column":21},"end":{"line":55,"column":5}},"20":{"start":{"line":46,"column":8},"end":{"line":49,"column":9}},"21":{"start":{"line":47,"column":10},"end":{"line":47,"column":28}},"22":{"start":{"line":48,"column":10},"end":{"line":48,"column":32}},"23":{"start":{"line":57,"column":20},"end":{"line":57,"column":59}},"24":{"start":{"line":58,"column":4},"end":{"line":60,"column":5}},"25":{"start":{"line":59,"column":6},"end":{"line":59,"column":32}},"26":{"start":{"line":62,"column":4},"end":{"line":66,"column":6}},"27":{"start":{"line":63,"column":6},"end":{"line":65,"column":7}},"28":{"start":{"line":64,"column":8},"end":{"line":64,"column":36}},"29":{"start":{"line":69,"column":21},"end":{"line":71,"column":3}},"30":{"start":{"line":70,"column":4},"end":{"line":70,"column":22}},"31":{"start":{"line":73,"column":22},"end":{"line":79,"column":3}},"32":{"start":{"line":74,"column":4},"end":{"line":74,"column":19}},"33":{"start":{"line":76,"column":4},"end":{"line":78,"column":5}},"34":{"start":{"line":77,"column":6},"end":{"line":77,"column":24}},"35":{"start":{"line":81,"column":2},"end":{"line":123,"column":4}}},"fnMap":{"0":{"name":"(anonymous_0)","decl":{"start":{"line":3,"column":23},"end":{"line":3,"column":24}},"loc":{"start":{"line":12,"column":6},"end":{"line":124,"column":1}},"line":12},"1":{"name":"(anonymous_1)","decl":{"start":{"line":18,"column":31},"end":{"line":18,"column":32}},"loc":{"start":{"line":18,"column":37},"end":{"line":24,"column":3}},"line":18},"2":{"name":"(anonymous_2)","decl":{"start":{"line":27,"column":31},"end":{"line":27,"column":32}},"loc":{"start":{"line":27,"column":37},"end":{"line":39,"column":3}},"line":27},"3":{"name":"(anonymous_3)","decl":{"start":{"line":41,"column":12},"end":{"line":41,"column":13}},"loc":{"start":{"line":41,"column":18},"end":{"line":67,"column":3}},"line":41},"4":{"name":"(anonymous_4)","decl":{"start":{"line":45,"column":6},"end":{"line":45,"column":7}},"loc":{"start":{"line":45,"column":19},"end":{"line":50,"column":7}},"line":45},"5":{"name":"(anonymous_5)","decl":{"start":{"line":62,"column":11},"end":{"line":62,"column":12}},"loc":{"start":{"line":62,"column":17},"end":{"line":66,"column":5}},"line":62},"6":{"name":"(anonymous_6)","decl":{"start":{"line":69,"column":21},"end":{"line":69,"column":22}},"loc":{"start":{"line":69,"column":27},"end":{"line":71,"column":3}},"line":69},"7":{"name":"(anonymous_7)","decl":{"start":{"line":73,"column":22},"end":{"line":73,"column":23}},"loc":{"start":{"line":73,"column":28},"end":{"line":79,"column":3}},"line":73}},"branchMap":{"0":{"loc":{"start":{"line":6,"column":2},"end":{"line":6,"column":16}},"type":"default-arg","locations":[{"start":{"line":6,"column":14},"end":{"line":6,"column":16}}],"line":6},"1":{"loc":{"start":{"line":9,"column":2},"end":{"line":9,"column":18}},"type":"default-arg","locations":[{"start":{"line":9,"column":13},"end":{"line":9,"column":18}}],"line":9},"2":{"loc":{"start":{"line":10,"column":2},"end":{"line":10,"column":14}},"type":"default-arg","locations":[{"start":{"line":10,"column":12},"end":{"line":10,"column":14}}],"line":10},"3":{"loc":{"start":{"line":19,"column":4},"end":{"line":19,"column":52}},"type":"if","locations":[{"start":{"line":19,"column":4},"end":{"line":19,"column":52}},{"start":{},"end":{}}],"line":19},"4":{"loc":{"start":{"line":21,"column":11},"end":{"line":23,"column":13}},"type":"cond-expr","locations":[{"start":{"line":22,"column":8},"end":{"line":22,"column":71}},{"start":{"line":23,"column":8},"end":{"line":23,"column":13}}],"line":21},"5":{"loc":{"start":{"line":21,"column":11},"end":{"line":21,"column":55}},"type":"binary-expr","locations":[{"start":{"line":21,"column":11},"end":{"line":21,"column":28}},{"start":{"line":21,"column":32},"end":{"line":21,"column":55}}],"line":21},"6":{"loc":{"start":{"line":28,"column":4},"end":{"line":28,"column":24}},"type":"if","locations":[{"start":{"line":28,"column":4},"end":{"line":28,"column":24}},{"start":{},"end":{}}],"line":28},"7":{"loc":{"start":{"line":34,"column":4},"end":{"line":36,"column":5}},"type":"if","locations":[{"start":{"line":34,"column":4},"end":{"line":36,"column":5}},{"start":{},"end":{}}],"line":34},"8":{"loc":{"start":{"line":34,"column":8},"end":{"line":34,"column":66}},"type":"binary-expr","locations":[{"start":{"line":34,"column":8},"end":{"line":34,"column":20}},{"start":{"line":34,"column":24},"end":{"line":34,"column":66}}],"line":34},"9":{"loc":{"start":{"line":42,"column":4},"end":{"line":42,"column":25}},"type":"if","locations":[{"start":{"line":42,"column":4},"end":{"line":42,"column":25}},{"start":{},"end":{}}],"line":42},"10":{"loc":{"start":{"line":46,"column":8},"end":{"line":49,"column":9}},"type":"if","locations":[{"start":{"line":46,"column":8},"end":{"line":49,"column":9}},{"start":{},"end":{}}],"line":46},"11":{"loc":{"start":{"line":58,"column":4},"end":{"line":60,"column":5}},"type":"if","locations":[{"start":{"line":58,"column":4},"end":{"line":60,"column":5}},{"start":{},"end":{}}],"line":58},"12":{"loc":{"start":{"line":63,"column":6},"end":{"line":65,"column":7}},"type":"if","locations":[{"start":{"line":63,"column":6},"end":{"line":65,"column":7}},{"start":{},"end":{}}],"line":63},"13":{"loc":{"start":{"line":76,"column":4},"end":{"line":78,"column":5}},"type":"if","locations":[{"start":{"line":76,"column":4},"end":{"line":78,"column":5}},{"start":{},"end":{}}],"line":76},"14":{"loc":{"start":{"line":86,"column":15},"end":{"line":86,"column":44}},"type":"cond-expr","locations":[{"start":{"line":86,"column":23},"end":{"line":86,"column":35}},{"start":{"line":86,"column":38},"end":{"line":86,"column":44}}],"line":86},"15":{"loc":{"start":{"line":87,"column":16},"end":{"line":87,"column":47}},"type":"cond-expr","locations":[{"start":{"line":87,"column":25},"end":{"line":87,"column":38}},{"start":{"line":87,"column":41},"end":{"line":87,"column":47}}],"line":87},"16":{"loc":{"start":{"line":91,"column":7},"end":{"line":105,"column":7}},"type":"binary-expr","locations":[{"start":{"line":91,"column":7},"end":{"line":91,"column":15}},{"start":{"line":91,"column":19},"end":{"line":91,"column":25}},{"start":{"line":92,"column":8},"end":{"line":104,"column":10}}],"line":91},"17":{"loc":{"start":{"line":96,"column":12},"end":{"line":96,"column":50}},"type":"cond-expr","locations":[{"start":{"line":96,"column":23},"end":{"line":96,"column":36}},{"start":{"line":96,"column":39},"end":{"line":96,"column":50}}],"line":96},"18":{"loc":{"start":{"line":100,"column":19},"end":{"line":100,"column":46}},"type":"cond-expr","locations":[{"start":{"line":100,"column":30},"end":{"line":100,"column":37}},{"start":{"line":100,"column":40},"end":{"line":100,"column":46}}],"line":100},"19":{"loc":{"start":{"line":106,"column":7},"end":{"line":116,"column":7}},"type":"binary-expr","locations":[{"start":{"line":106,"column":7},"end":{"line":106,"column":12}},{"start":{"line":107,"column":8},"end":{"line":115,"column":10}}],"line":106},"20":{"loc":{"start":{"line":111,"column":19},"end":{"line":111,"column":46}},"type":"cond-expr","locations":[{"start":{"line":111,"column":30},"end":{"line":111,"column":37}},{"start":{"line":111,"column":40},"end":{"line":111,"column":46}}],"line":111},"21":{"loc":{"start":{"line":117,"column":7},"end":{"line":121,"column":7}},"type":"binary-expr","locations":[{"start":{"line":117,"column":7},"end":{"line":117,"column":16}},{"start":{"line":117,"column":20},"end":{"line":117,"column":26}},{"start":{"line":118,"column":8},"end":{"line":120,"column":14}}],"line":117}},"s":{"0":6,"1":268,"2":268,"3":268,"4":268,"5":190,"6":0,"7":190,"8":190,"9":268,"10":190,"11":0,"12":190,"13":190,"14":0,"15":190,"16":268,"17":78,"18":0,"19":78,"20":78,"21":78,"22":78,"23":78,"24":78,"25":78,"26":78,"27":78,"28":78,"29":268,"30":0,"31":268,"32":0,"33":0,"34":0,"35":268},"f":{"0":268,"1":190,"2":190,"3":78,"4":78,"5":78,"6":0,"7":0},"b":{"0":[0],"1":[248],"2":[268],"3":[0,190],"4":[190,0],"5":[190,190],"6":[0,190],"7":[0,190],"8":[190,0],"9":[0,78],"10":[78,0],"11":[78,0],"12":[78,0],"13":[0,0],"14":[10,258],"15":[10,258],"16":[268,98,98],"17":[0,98],"18":[20,78],"19":[268,0],"20":[0,0],"21":[268,268,268]},"_coverageSchema":"1a1c01bbd47fc00a2c39e90264f33305004495a9","hash":"a46312c05ae92bcddcbcc8e577042ecec86dbbdc"}
,"C:\\Users\\kaker\\AIdrivendevelopment\\ぴあざさるうとver２\\src\\components\\PrivacyPolicy.js": {"path":"C:\\Users\\kaker\\AIdrivendevelopment\\ぴあざさるうとver２\\src\\components\\PrivacyPolicy.js","statementMap":{"0":{"start":{"line":4,"column":22},"end":{"line":98,"column":1}},"1":{"start":{"line":5,"column":2},"end":{"line":97,"column":4}}},"fnMap":{"0":{"name":"(anonymous_0)","decl":{"start":{"line":4,"column":22},"end":{"line":4,"column":23}},"loc":{"start":{"line":4,"column":28},"end":{"line":98,"column":1}},"line":4}},"branchMap":{},"s":{"0":1,"1":0},"f":{"0":0},"b":{},"_coverageSchema":"1a1c01bbd47fc00a2c39e90264f33305004495a9","hash":"e761999e9b016162ce02cb636897f51db57b9a91"}
,"C:\\Users\\kaker\\AIdrivendevelopment\\ぴあざさるうとver２\\src\\components\\Recruit.js": {"path":"C:\\Users\\kaker\\AIdrivendevelopment\\ぴあざさるうとver２\\src\\components\\Recruit.js","statementMap":{"0":{"start":{"line":5,"column":16},"end":{"line":234,"column":1}},"1":{"start":{"line":6,"column":20},"end":{"line":28,"column":3}},"2":{"start":{"line":30,"column":20},"end":{"line":75,"column":3}},"3":{"start":{"line":77,"column":22},"end":{"line":98,"column":3}},"4":{"start":{"line":100,"column":2},"end":{"line":233,"column":4}},"5":{"start":{"line":125,"column":14},"end":{"line":177,"column":32}},"6":{"start":{"line":134,"column":26},"end":{"line":137,"column":31}},"7":{"start":{"line":146,"column":26},"end":{"line":149,"column":31}},"8":{"start":{"line":186,"column":16},"end":{"line":192,"column":34}}},"fnMap":{"0":{"name":"(anonymous_0)","decl":{"start":{"line":5,"column":16},"end":{"line":5,"column":17}},"loc":{"start":{"line":5,"column":22},"end":{"line":234,"column":1}},"line":5},"1":{"name":"(anonymous_1)","decl":{"start":{"line":124,"column":27},"end":{"line":124,"column":28}},"loc":{"start":{"line":125,"column":14},"end":{"line":177,"column":32}},"line":125},"2":{"name":"(anonymous_2)","decl":{"start":{"line":133,"column":51},"end":{"line":133,"column":52}},"loc":{"start":{"line":134,"column":26},"end":{"line":137,"column":31}},"line":134},"3":{"name":"(anonymous_3)","decl":{"start":{"line":145,"column":47},"end":{"line":145,"column":48}},"loc":{"start":{"line":146,"column":26},"end":{"line":149,"column":31}},"line":146},"4":{"name":"(anonymous_4)","decl":{"start":{"line":185,"column":31},"end":{"line":185,"column":32}},"loc":{"start":{"line":186,"column":16},"end":{"line":192,"column":34}},"line":186}},"branchMap":{},"s":{"0":1,"1":0,"2":0,"3":0,"4":0,"5":0,"6":0,"7":0,"8":0},"f":{"0":0,"1":0,"2":0,"3":0,"4":0},"b":{},"_coverageSchema":"1a1c01bbd47fc00a2c39e90264f33305004495a9","hash":"f4647333a3fdc5a2ca254071767fd983a3aabdaf"}
,"C:\\Users\\kaker\\AIdrivendevelopment\\ぴあざさるうとver２\\src\\components\\RecruitForm.js": {"path":"C:\\Users\\kaker\\AIdrivendevelopment\\ぴあざさるうとver２\\src\\components\\RecruitForm.js","statementMap":{"0":{"start":{"line":3,"column":20},"end":{"line":339,"column":1}},"1":{"start":{"line":4,"column":34},"end":{"line":12,"column":4}},"2":{"start":{"line":14,"column":30},"end":{"line":14,"column":42}},"3":{"start":{"line":15,"column":42},"end":{"line":15,"column":57}},"4":{"start":{"line":16,"column":42},"end":{"line":16,"column":56}},"5":{"start":{"line":18,"column":23},"end":{"line":36,"column":3}},"6":{"start":{"line":19,"column":22},"end":{"line":19,"column":24}},"7":{"start":{"line":20,"column":4},"end":{"line":22,"column":5}},"8":{"start":{"line":21,"column":6},"end":{"line":21,"column":38}},"9":{"start":{"line":23,"column":4},"end":{"line":27,"column":5}},"10":{"start":{"line":24,"column":6},"end":{"line":24,"column":43}},"11":{"start":{"line":25,"column":11},"end":{"line":27,"column":5}},"12":{"start":{"line":26,"column":6},"end":{"line":26,"column":46}},"13":{"start":{"line":28,"column":4},"end":{"line":30,"column":5}},"14":{"start":{"line":29,"column":6},"end":{"line":29,"column":40}},"15":{"start":{"line":31,"column":4},"end":{"line":33,"column":5}},"16":{"start":{"line":32,"column":6},"end":{"line":32,"column":49}},"17":{"start":{"line":34,"column":4},"end":{"line":34,"column":25}},"18":{"start":{"line":35,"column":4},"end":{"line":35,"column":47}},"19":{"start":{"line":38,"column":23},"end":{"line":61,"column":3}},"20":{"start":{"line":39,"column":4},"end":{"line":39,"column":23}},"21":{"start":{"line":40,"column":4},"end":{"line":40,"column":32}},"22":{"start":{"line":40,"column":25},"end":{"line":40,"column":32}},"23":{"start":{"line":42,"column":4},"end":{"line":42,"column":26}},"24":{"start":{"line":43,"column":4},"end":{"line":60,"column":5}},"25":{"start":{"line":45,"column":6},"end":{"line":45,"column":62}},"26":{"start":{"line":45,"column":35},"end":{"line":45,"column":60}},"27":{"start":{"line":46,"column":6},"end":{"line":46,"column":33}},"28":{"start":{"line":47,"column":6},"end":{"line":55,"column":9}},"29":{"start":{"line":57,"column":6},"end":{"line":57,"column":31}},"30":{"start":{"line":59,"column":6},"end":{"line":59,"column":29}},"31":{"start":{"line":63,"column":23},"end":{"line":76,"column":3}},"32":{"start":{"line":64,"column":35},"end":{"line":64,"column":43}},"33":{"start":{"line":65,"column":4},"end":{"line":68,"column":8}},"34":{"start":{"line":65,"column":25},"end":{"line":68,"column":5}},"35":{"start":{"line":70,"column":4},"end":{"line":75,"column":5}},"36":{"start":{"line":71,"column":6},"end":{"line":74,"column":10}},"37":{"start":{"line":71,"column":25},"end":{"line":74,"column":7}},"38":{"start":{"line":78,"column":2},"end":{"line":338,"column":4}},"39":{"start":{"line":236,"column":24},"end":{"line":254,"column":30}}},"fnMap":{"0":{"name":"(anonymous_0)","decl":{"start":{"line":3,"column":20},"end":{"line":3,"column":21}},"loc":{"start":{"line":3,"column":26},"end":{"line":339,"column":1}},"line":3},"1":{"name":"(anonymous_1)","decl":{"start":{"line":18,"column":23},"end":{"line":18,"column":24}},"loc":{"start":{"line":18,"column":29},"end":{"line":36,"column":3}},"line":18},"2":{"name":"(anonymous_2)","decl":{"start":{"line":38,"column":23},"end":{"line":38,"column":24}},"loc":{"start":{"line":38,"column":36},"end":{"line":61,"column":3}},"line":38},"3":{"name":"(anonymous_3)","decl":{"start":{"line":45,"column":24},"end":{"line":45,"column":25}},"loc":{"start":{"line":45,"column":35},"end":{"line":45,"column":60}},"line":45},"4":{"name":"(anonymous_4)","decl":{"start":{"line":63,"column":23},"end":{"line":63,"column":24}},"loc":{"start":{"line":63,"column":30},"end":{"line":76,"column":3}},"line":63},"5":{"name":"(anonymous_5)","decl":{"start":{"line":65,"column":16},"end":{"line":65,"column":17}},"loc":{"start":{"line":65,"column":25},"end":{"line":68,"column":5}},"line":65},"6":{"name":"(anonymous_6)","decl":{"start":{"line":71,"column":16},"end":{"line":71,"column":17}},"loc":{"start":{"line":71,"column":25},"end":{"line":74,"column":7}},"line":71},"7":{"name":"(anonymous_7)","decl":{"start":{"line":235,"column":42},"end":{"line":235,"column":43}},"loc":{"start":{"line":236,"column":24},"end":{"line":254,"column":30}},"line":236}},"branchMap":{"0":{"loc":{"start":{"line":20,"column":4},"end":{"line":22,"column":5}},"type":"if","locations":[{"start":{"line":20,"column":4},"end":{"line":22,"column":5}},{"start":{},"end":{}}],"line":20},"1":{"loc":{"start":{"line":23,"column":4},"end":{"line":27,"column":5}},"type":"if","locations":[{"start":{"line":23,"column":4},"end":{"line":27,"column":5}},{"start":{"line":25,"column":11},"end":{"line":27,"column":5}}],"line":23},"2":{"loc":{"start":{"line":25,"column":11},"end":{"line":27,"column":5}},"type":"if","locations":[{"start":{"line":25,"column":11},"end":{"line":27,"column":5}},{"start":{},"end":{}}],"line":25},"3":{"loc":{"start":{"line":28,"column":4},"end":{"line":30,"column":5}},"type":"if","locations":[{"start":{"line":28,"column":4},"end":{"line":30,"column":5}},{"start":{},"end":{}}],"line":28},"4":{"loc":{"start":{"line":31,"column":4},"end":{"line":33,"column":5}},"type":"if","locations":[{"start":{"line":31,"column":4},"end":{"line":33,"column":5}},{"start":{},"end":{}}],"line":31},"5":{"loc":{"start":{"line":40,"column":4},"end":{"line":40,"column":32}},"type":"if","locations":[{"start":{"line":40,"column":4},"end":{"line":40,"column":32}},{"start":{},"end":{}}],"line":40},"6":{"loc":{"start":{"line":67,"column":14},"end":{"line":67,"column":38}},"type":"cond-expr","locations":[{"start":{"line":67,"column":22},"end":{"line":67,"column":30}},{"start":{"line":67,"column":33},"end":{"line":67,"column":38}}],"line":67},"7":{"loc":{"start":{"line":70,"column":4},"end":{"line":75,"column":5}},"type":"if","locations":[{"start":{"line":70,"column":4},"end":{"line":75,"column":5}},{"start":{},"end":{}}],"line":70},"8":{"loc":{"start":{"line":91,"column":11},"end":{"line":334,"column":11}},"type":"cond-expr","locations":[{"start":{"line":92,"column":12},"end":{"line":100,"column":18}},{"start":{"line":102,"column":12},"end":{"line":333,"column":19}}],"line":91},"9":{"loc":{"start":{"line":123,"column":22},"end":{"line":123,"column":72}},"type":"cond-expr","locations":[{"start":{"line":123,"column":36},"end":{"line":123,"column":52}},{"start":{"line":123,"column":55},"end":{"line":123,"column":72}}],"line":123},"10":{"loc":{"start":{"line":127,"column":38},"end":{"line":127,"column":76}},"type":"cond-expr","locations":[{"start":{"line":127,"column":52},"end":{"line":127,"column":64}},{"start":{"line":127,"column":67},"end":{"line":127,"column":76}}],"line":127},"11":{"loc":{"start":{"line":129,"column":19},"end":{"line":137,"column":19}},"type":"binary-expr","locations":[{"start":{"line":129,"column":19},"end":{"line":129,"column":30}},{"start":{"line":130,"column":20},"end":{"line":136,"column":24}}],"line":129},"12":{"loc":{"start":{"line":155,"column":22},"end":{"line":155,"column":73}},"type":"cond-expr","locations":[{"start":{"line":155,"column":37},"end":{"line":155,"column":53}},{"start":{"line":155,"column":56},"end":{"line":155,"column":73}}],"line":155},"13":{"loc":{"start":{"line":159,"column":38},"end":{"line":159,"column":78}},"type":"cond-expr","locations":[{"start":{"line":159,"column":53},"end":{"line":159,"column":66}},{"start":{"line":159,"column":69},"end":{"line":159,"column":78}}],"line":159},"14":{"loc":{"start":{"line":161,"column":19},"end":{"line":169,"column":19}},"type":"binary-expr","locations":[{"start":{"line":161,"column":19},"end":{"line":161,"column":31}},{"start":{"line":162,"column":20},"end":{"line":168,"column":24}}],"line":161},"15":{"loc":{"start":{"line":187,"column":22},"end":{"line":187,"column":73}},"type":"cond-expr","locations":[{"start":{"line":187,"column":37},"end":{"line":187,"column":53}},{"start":{"line":187,"column":56},"end":{"line":187,"column":73}}],"line":187},"16":{"loc":{"start":{"line":191,"column":38},"end":{"line":191,"column":78}},"type":"cond-expr","locations":[{"start":{"line":191,"column":53},"end":{"line":191,"column":66}},{"start":{"line":191,"column":69},"end":{"line":191,"column":78}}],"line":191},"17":{"loc":{"start":{"line":193,"column":19},"end":{"line":201,"column":19}},"type":"binary-expr","locations":[{"start":{"line":193,"column":19},"end":{"line":193,"column":31}},{"start":{"line":194,"column":20},"end":{"line":200,"column":24}}],"line":193},"18":{"loc":{"start":{"line":257,"column":21},"end":{"line":264,"column":21}},"type":"binary-expr","locations":[{"start":{"line":257,"column":21},"end":{"line":257,"column":42}},{"start":{"line":258,"column":22},"end":{"line":263,"column":26}}],"line":257},"19":{"loc":{"start":{"line":313,"column":22},"end":{"line":313,"column":73}},"type":"cond-expr","locations":[{"start":{"line":313,"column":37},"end":{"line":313,"column":68}},{"start":{"line":313,"column":71},"end":{"line":313,"column":73}}],"line":313},"20":{"loc":{"start":{"line":317,"column":21},"end":{"line":317,"column":53}},"type":"cond-expr","locations":[{"start":{"line":317,"column":36},"end":{"line":317,"column":44}},{"start":{"line":317,"column":47},"end":{"line":317,"column":53}}],"line":317},"21":{"loc":{"start":{"line":321,"column":17},"end":{"line":331,"column":17}},"type":"binary-expr","locations":[{"start":{"line":321,"column":17},"end":{"line":321,"column":41}},{"start":{"line":322,"column":18},"end":{"line":330,"column":24}}],"line":321}},"s":{"0":1,"1":12,"2":11,"3":11,"4":11,"5":11,"6":3,"7":3,"8":3,"9":3,"10":3,"11":0,"12":0,"13":3,"14":2,"15":3,"16":3,"17":3,"18":3,"19":11,"20":3,"21":3,"22":3,"23":0,"24":0,"25":0,"26":0,"27":0,"28":0,"29":0,"30":0,"31":11,"32":4,"33":4,"34":4,"35":4,"36":0,"37":0,"38":11,"39":22},"f":{"0":12,"1":3,"2":3,"3":0,"4":4,"5":4,"6":0,"7":22},"b":{"0":[3,0],"1":[3,0],"2":[0,0],"3":[2,1],"4":[3,0],"5":[3,0],"6":[1,3],"7":[0,4],"8":[0,11],"9":[3,8],"10":[3,8],"11":[11,3],"12":[3,8],"13":[3,8],"14":[11,3],"15":[2,9],"16":[2,9],"17":[11,2],"18":[11,3],"19":[0,11],"20":[0,11],"21":[11,0]},"_coverageSchema":"1a1c01bbd47fc00a2c39e90264f33305004495a9","hash":"140fff6a5aceaeca75aadb435cda28c8421f7c58"}
,"C:\\Users\\kaker\\AIdrivendevelopment\\ぴあざさるうとver２\\src\\components\\SEO.js": {"path":"C:\\Users\\kaker\\AIdrivendevelopment\\ぴあざさるうとver２\\src\\components\\SEO.js","statementMap":{"0":{"start":{"line":4,"column":12},"end":{"line":46,"column":1}},"1":{"start":{"line":13,"column":18},"end":{"line":13,"column":45}},"2":{"start":{"line":14,"column":24},"end":{"line":14,"column":70}},"3":{"start":{"line":16,"column":2},"end":{"line":45,"column":4}}},"fnMap":{"0":{"name":"(anonymous_0)","decl":{"start":{"line":4,"column":12},"end":{"line":4,"column":13}},"loc":{"start":{"line":12,"column":6},"end":{"line":46,"column":1}},"line":12}},"branchMap":{"0":{"loc":{"start":{"line":5,"column":2},"end":{"line":5,"column":32}},"type":"default-arg","locations":[{"start":{"line":5,"column":10},"end":{"line":5,"column":32}}],"line":5},"1":{"loc":{"start":{"line":6,"column":2},"end":{"line":6,"column":94}},"type":"default-arg","locations":[{"start":{"line":6,"column":16},"end":{"line":6,"column":94}}],"line":6},"2":{"loc":{"start":{"line":7,"column":2},"end":{"line":7,"column":50}},"type":"default-arg","locations":[{"start":{"line":7,"column":13},"end":{"line":7,"column":50}}],"line":7},"3":{"loc":{"start":{"line":8,"column":2},"end":{"line":8,"column":34}},"type":"default-arg","locations":[{"start":{"line":8,"column":12},"end":{"line":8,"column":34}}],"line":8},"4":{"loc":{"start":{"line":9,"column":2},"end":{"line":9,"column":20}},"type":"default-arg","locations":[{"start":{"line":9,"column":11},"end":{"line":9,"column":20}}],"line":9},"5":{"loc":{"start":{"line":10,"column":2},"end":{"line":10,"column":16}},"type":"default-arg","locations":[{"start":{"line":10,"column":14},"end":{"line":10,"column":16}}],"line":10},"6":{"loc":{"start":{"line":11,"column":2},"end":{"line":11,"column":15}},"type":"default-arg","locations":[{"start":{"line":11,"column":11},"end":{"line":11,"column":15}}],"line":11},"7":{"loc":{"start":{"line":14,"column":24},"end":{"line":14,"column":70}},"type":"cond-expr","locations":[{"start":{"line":14,"column":36},"end":{"line":14,"column":60}},{"start":{"line":14,"column":63},"end":{"line":14,"column":70}}],"line":14},"8":{"loc":{"start":{"line":39,"column":7},"end":{"line":43,"column":7}},"type":"binary-expr","locations":[{"start":{"line":39,"column":7},"end":{"line":39,"column":13}},{"start":{"line":40,"column":8},"end":{"line":42,"column":17}}],"line":39}},"s":{"0":5,"1":135,"2":135,"3":135},"f":{"0":135},"b":{"0":[4],"1":[4],"2":[4],"3":[109],"4":[109],"5":[109],"6":[8],"7":[26,109],"8":[135,127]},"_coverageSchema":"1a1c01bbd47fc00a2c39e90264f33305004495a9","hash":"2fe5af3c640ae9afa85b15acf33346d88e4f0d6b"}
,"C:\\Users\\kaker\\AIdrivendevelopment\\ぴあざさるうとver２\\src\\components\\Salon.js": {"path":"C:\\Users\\kaker\\AIdrivendevelopment\\ぴあざさるうとver２\\src\\components\\Salon.js","statementMap":{"0":{"start":{"line":5,"column":14},"end":{"line":546,"column":1}},"1":{"start":{"line":6,"column":2},"end":{"line":545,"column":4}}},"fnMap":{"0":{"name":"(anonymous_0)","decl":{"start":{"line":5,"column":14},"end":{"line":5,"column":15}},"loc":{"start":{"line":5,"column":20},"end":{"line":546,"column":1}},"line":5}},"branchMap":{},"s":{"0":1,"1":0},"f":{"0":0},"b":{},"_coverageSchema":"1a1c01bbd47fc00a2c39e90264f33305004495a9","hash":"800624488f8dbbbb5891daf800bdcc58cc39f2e5"}
,"C:\\Users\\kaker\\AIdrivendevelopment\\ぴあざさるうとver２\\src\\components\\Services.js": {"path":"C:\\Users\\kaker\\AIdrivendevelopment\\ぴあざさるうとver２\\src\\components\\Services.js","statementMap":{"0":{"start":{"line":4,"column":17},"end":{"line":123,"column":1}},"1":{"start":{"line":5,"column":19},"end":{"line":38,"column":3}},"2":{"start":{"line":40,"column":2},"end":{"line":122,"column":4}},"3":{"start":{"line":52,"column":12},"end":{"line":95,"column":18}},"4":{"start":{"line":78,"column":22},"end":{"line":81,"column":28}}},"fnMap":{"0":{"name":"(anonymous_0)","decl":{"start":{"line":4,"column":17},"end":{"line":4,"column":18}},"loc":{"start":{"line":4,"column":23},"end":{"line":123,"column":1}},"line":4},"1":{"name":"(anonymous_1)","decl":{"start":{"line":51,"column":24},"end":{"line":51,"column":25}},"loc":{"start":{"line":52,"column":12},"end":{"line":95,"column":18}},"line":52},"2":{"name":"(anonymous_2)","decl":{"start":{"line":77,"column":42},"end":{"line":77,"column":43}},"loc":{"start":{"line":78,"column":22},"end":{"line":81,"column":28}},"line":78}},"branchMap":{},"s":{"0":2,"1":10,"2":10,"3":40,"4":120},"f":{"0":10,"1":40,"2":120},"b":{},"_coverageSchema":"1a1c01bbd47fc00a2c39e90264f33305004495a9","hash":"82263022d3c042fc970028b723865563340d1dd9"}
,"C:\\Users\\kaker\\AIdrivendevelopment\\ぴあざさるうとver２\\src\\components\\Staff.js": {"path":"C:\\Users\\kaker\\AIdrivendevelopment\\ぴあざさるうとver２\\src\\components\\Staff.js","statementMap":{"0":{"start":{"line":7,"column":14},"end":{"line":170,"column":1}},"1":{"start":{"line":8,"column":23},"end":{"line":27,"column":3}},"2":{"start":{"line":29,"column":16},"end":{"line":36,"column":3}},"3":{"start":{"line":38,"column":20},"end":{"line":62,"column":3}},"4":{"start":{"line":48,"column":61},"end":{"line":60,"column":7}},"5":{"start":{"line":64,"column":20},"end":{"line":108,"column":3}},"6":{"start":{"line":65,"column":4},"end":{"line":107,"column":22}},"7":{"start":{"line":91,"column":18},"end":{"line":96,"column":25}},"8":{"start":{"line":110,"column":2},"end":{"line":169,"column":4}},"9":{"start":{"line":139,"column":16},"end":{"line":139,"column":58}}},"fnMap":{"0":{"name":"(anonymous_0)","decl":{"start":{"line":7,"column":14},"end":{"line":7,"column":15}},"loc":{"start":{"line":7,"column":20},"end":{"line":170,"column":1}},"line":7},"1":{"name":"(anonymous_1)","decl":{"start":{"line":48,"column":42},"end":{"line":48,"column":43}},"loc":{"start":{"line":48,"column":61},"end":{"line":60,"column":7}},"line":48},"2":{"name":"(anonymous_2)","decl":{"start":{"line":64,"column":20},"end":{"line":64,"column":21}},"loc":{"start":{"line":65,"column":4},"end":{"line":107,"column":22}},"line":65},"3":{"name":"(anonymous_3)","decl":{"start":{"line":90,"column":39},"end":{"line":90,"column":40}},"loc":{"start":{"line":91,"column":18},"end":{"line":96,"column":25}},"line":91},"4":{"name":"(anonymous_4)","decl":{"start":{"line":138,"column":32},"end":{"line":138,"column":33}},"loc":{"start":{"line":139,"column":16},"end":{"line":139,"column":58}},"line":139}},"branchMap":{"0":{"loc":{"start":{"line":53,"column":20},"end":{"line":53,"column":46}},"type":"binary-expr","locations":[{"start":{"line":53,"column":20},"end":{"line":53,"column":34}},{"start":{"line":53,"column":38},"end":{"line":53,"column":46}}],"line":53},"1":{"loc":{"start":{"line":80,"column":11},"end":{"line":82,"column":11}},"type":"binary-expr","locations":[{"start":{"line":80,"column":11},"end":{"line":80,"column":25}},{"start":{"line":81,"column":12},"end":{"line":81,"column":77}}],"line":80},"2":{"loc":{"start":{"line":83,"column":11},"end":{"line":85,"column":11}},"type":"binary-expr","locations":[{"start":{"line":83,"column":11},"end":{"line":83,"column":27}},{"start":{"line":84,"column":12},"end":{"line":84,"column":76}}],"line":83},"3":{"loc":{"start":{"line":86,"column":11},"end":{"line":100,"column":11}},"type":"binary-expr","locations":[{"start":{"line":86,"column":11},"end":{"line":86,"column":28}},{"start":{"line":87,"column":12},"end":{"line":99,"column":18}}],"line":86}},"s":{"0":2,"1":17,"2":17,"3":17,"4":34,"5":17,"6":48,"7":96,"8":17,"9":34},"f":{"0":17,"1":34,"2":48,"3":96,"4":34},"b":{"0":[34,34],"1":[48,16],"2":[48,32],"3":[48,32]},"_coverageSchema":"1a1c01bbd47fc00a2c39e90264f33305004495a9","hash":"0125301ac15b29f72f932867015e2df949c19f94"}
,"C:\\Users\\kaker\\AIdrivendevelopment\\ぴあざさるうとver２\\src\\components\\StaffDetail.js": {"path":"C:\\Users\\kaker\\AIdrivendevelopment\\ぴあざさるうとver２\\src\\components\\StaffDetail.js","statementMap":{"0":{"start":{"line":6,"column":20},"end":{"line":189,"column":1}},"1":{"start":{"line":7,"column":17},"end":{"line":7,"column":28}},"2":{"start":{"line":10,"column":20},"end":{"line":55,"column":3}},"3":{"start":{"line":57,"column":16},"end":{"line":57,"column":29}},"4":{"start":{"line":59,"column":2},"end":{"line":66,"column":3}},"5":{"start":{"line":60,"column":4},"end":{"line":65,"column":6}},"6":{"start":{"line":68,"column":20},"end":{"line":84,"column":3}},"7":{"start":{"line":86,"column":2},"end":{"line":188,"column":4}},"8":{"start":{"line":114,"column":26},"end":{"line":119,"column":33}},"9":{"start":{"line":142,"column":20},"end":{"line":145,"column":25}},"10":{"start":{"line":157,"column":20},"end":{"line":166,"column":26}}},"fnMap":{"0":{"name":"(anonymous_0)","decl":{"start":{"line":6,"column":20},"end":{"line":6,"column":21}},"loc":{"start":{"line":6,"column":26},"end":{"line":189,"column":1}},"line":6},"1":{"name":"(anonymous_1)","decl":{"start":{"line":113,"column":47},"end":{"line":113,"column":48}},"loc":{"start":{"line":114,"column":26},"end":{"line":119,"column":33}},"line":114},"2":{"name":"(anonymous_2)","decl":{"start":{"line":141,"column":44},"end":{"line":141,"column":45}},"loc":{"start":{"line":142,"column":20},"end":{"line":145,"column":25}},"line":142},"3":{"name":"(anonymous_3)","decl":{"start":{"line":156,"column":54},"end":{"line":156,"column":55}},"loc":{"start":{"line":157,"column":20},"end":{"line":166,"column":26}},"line":157}},"branchMap":{"0":{"loc":{"start":{"line":59,"column":2},"end":{"line":66,"column":3}},"type":"if","locations":[{"start":{"line":59,"column":2},"end":{"line":66,"column":3}},{"start":{},"end":{}}],"line":59},"1":{"loc":{"start":{"line":158,"column":53},"end":{"line":164,"column":27}},"type":"cond-expr","locations":[{"start":{"line":158,"column":72},"end":{"line":158,"column":75}},{"start":{"line":159,"column":24},"end":{"line":164,"column":27}}],"line":158},"2":{"loc":{"start":{"line":159,"column":24},"end":{"line":164,"column":27}},"type":"cond-expr","locations":[{"start":{"line":159,"column":44},"end":{"line":159,"column":47}},{"start":{"line":160,"column":24},"end":{"line":164,"column":27}}],"line":159},"3":{"loc":{"start":{"line":160,"column":24},"end":{"line":164,"column":27}},"type":"cond-expr","locations":[{"start":{"line":160,"column":46},"end":{"line":160,"column":49}},{"start":{"line":161,"column":24},"end":{"line":164,"column":27}}],"line":160},"4":{"loc":{"start":{"line":161,"column":24},"end":{"line":164,"column":27}},"type":"cond-expr","locations":[{"start":{"line":161,"column":45},"end":{"line":161,"column":48}},{"start":{"line":162,"column":24},"end":{"line":164,"column":27}}],"line":161},"5":{"loc":{"start":{"line":162,"column":24},"end":{"line":164,"column":27}},"type":"cond-expr","locations":[{"start":{"line":162,"column":43},"end":{"line":162,"column":46}},{"start":{"line":163,"column":24},"end":{"line":164,"column":27}}],"line":162},"6":{"loc":{"start":{"line":163,"column":24},"end":{"line":164,"column":27}},"type":"cond-expr","locations":[{"start":{"line":163,"column":45},"end":{"line":163,"column":48}},{"start":{"line":164,"column":24},"end":{"line":164,"column":27}}],"line":163}},"s":{"0":1,"1":0,"2":0,"3":0,"4":0,"5":0,"6":0,"7":0,"8":0,"9":0,"10":0},"f":{"0":0,"1":0,"2":0,"3":0},"b":{"0":[0,0],"1":[0,0],"2":[0,0],"3":[0,0],"4":[0,0],"5":[0,0],"6":[0,0]},"_coverageSchema":"1a1c01bbd47fc00a2c39e90264f33305004495a9","hash":"dc6dd59abc8d77bda6853faf819d07653391bf8c"}
,"C:\\Users\\kaker\\AIdrivendevelopment\\ぴあざさるうとver２\\src\\components\\StaffInterview.js": {"path":"C:\\Users\\kaker\\AIdrivendevelopment\\ぴあざさるうとver２\\src\\components\\StaffInterview.js","statementMap":{"0":{"start":{"line":5,"column":23},"end":{"line":108,"column":1}},"1":{"start":{"line":6,"column":21},"end":{"line":67,"column":3}},"2":{"start":{"line":69,"column":2},"end":{"line":107,"column":4}},"3":{"start":{"line":75,"column":12},"end":{"line":102,"column":30}},"4":{"start":{"line":94,"column":22},"end":{"line":97,"column":28}}},"fnMap":{"0":{"name":"(anonymous_0)","decl":{"start":{"line":5,"column":23},"end":{"line":5,"column":24}},"loc":{"start":{"line":5,"column":29},"end":{"line":108,"column":1}},"line":5},"1":{"name":"(anonymous_1)","decl":{"start":{"line":74,"column":26},"end":{"line":74,"column":27}},"loc":{"start":{"line":75,"column":12},"end":{"line":102,"column":30}},"line":75},"2":{"name":"(anonymous_2)","decl":{"start":{"line":93,"column":38},"end":{"line":93,"column":39}},"loc":{"start":{"line":94,"column":22},"end":{"line":97,"column":28}},"line":94}},"branchMap":{},"s":{"0":0,"1":0,"2":0,"3":0,"4":0},"f":{"0":0,"1":0,"2":0},"b":{}}
,"C:\\Users\\kaker\\AIdrivendevelopment\\ぴあざさるうとver２\\src\\components\\TestPage.js": {"path":"C:\\Users\\kaker\\AIdrivendevelopment\\ぴあざさるうとver２\\src\\components\\TestPage.js","statementMap":{"0":{"start":{"line":5,"column":17},"end":{"line":135,"column":1}},"1":{"start":{"line":6,"column":54},"end":{"line":10,"column":4}},"2":{"start":{"line":13,"column":2},"end":{"line":47,"column":9}},"3":{"start":{"line":14,"column":22},"end":{"line":14,"column":39}},"4":{"start":{"line":17,"column":4},"end":{"line":22,"column":5}},"5":{"start":{"line":18,"column":6},"end":{"line":21,"column":10}},"6":{"start":{"line":18,"column":37},"end":{"line":21,"column":7}},"7":{"start":{"line":25,"column":27},"end":{"line":25,"column":29}},"8":{"start":{"line":26,"column":19},"end":{"line":26,"column":51}},"9":{"start":{"line":27,"column":4},"end":{"line":37,"column":7}},"10":{"start":{"line":28,"column":24},"end":{"line":28,"column":41}},"11":{"start":{"line":29,"column":6},"end":{"line":36,"column":8}},"12":{"start":{"line":30,"column":25},"end":{"line":30,"column":54}},"13":{"start":{"line":31,"column":8},"end":{"line":31,"column":43}},"14":{"start":{"line":32,"column":8},"end":{"line":35,"column":12}},"15":{"start":{"line":32,"column":39},"end":{"line":35,"column":9}},"16":{"start":{"line":40,"column":4},"end":{"line":46,"column":7}},"17":{"start":{"line":41,"column":28},"end":{"line":41,"column":57}},"18":{"start":{"line":42,"column":6},"end":{"line":45,"column":10}},"19":{"start":{"line":42,"column":37},"end":{"line":45,"column":7}},"20":{"start":{"line":49,"column":2},"end":{"line":134,"column":4}},"21":{"start":{"line":99,"column":12},"end":{"line":107,"column":30}},"22":{"start":{"line":118,"column":27},"end":{"line":118,"column":49}},"23":{"start":{"line":126,"column":31},"end":{"line":126,"column":75}},"24":{"start":{"line":127,"column":27},"end":{"line":127,"column":45}}},"fnMap":{"0":{"name":"(anonymous_0)","decl":{"start":{"line":5,"column":17},"end":{"line":5,"column":18}},"loc":{"start":{"line":5,"column":23},"end":{"line":135,"column":1}},"line":5},"1":{"name":"(anonymous_1)","decl":{"start":{"line":13,"column":12},"end":{"line":13,"column":13}},"loc":{"start":{"line":13,"column":18},"end":{"line":47,"column":3}},"line":13},"2":{"name":"(anonymous_2)","decl":{"start":{"line":18,"column":28},"end":{"line":18,"column":29}},"loc":{"start":{"line":18,"column":37},"end":{"line":21,"column":7}},"line":18},"3":{"name":"(anonymous_3)","decl":{"start":{"line":27,"column":19},"end":{"line":27,"column":20}},"loc":{"start":{"line":27,"column":26},"end":{"line":37,"column":5}},"line":27},"4":{"name":"(anonymous_4)","decl":{"start":{"line":29,"column":19},"end":{"line":29,"column":20}},"loc":{"start":{"line":29,"column":25},"end":{"line":36,"column":7}},"line":29},"5":{"name":"(anonymous_5)","decl":{"start":{"line":32,"column":30},"end":{"line":32,"column":31}},"loc":{"start":{"line":32,"column":39},"end":{"line":35,"column":9}},"line":32},"6":{"name":"(anonymous_6)","decl":{"start":{"line":40,"column":36},"end":{"line":40,"column":37}},"loc":{"start":{"line":40,"column":42},"end":{"line":46,"column":5}},"line":40},"7":{"name":"(anonymous_7)","decl":{"start":{"line":42,"column":28},"end":{"line":42,"column":29}},"loc":{"start":{"line":42,"column":37},"end":{"line":45,"column":7}},"line":42},"8":{"name":"(anonymous_8)","decl":{"start":{"line":98,"column":90},"end":{"line":98,"column":91}},"loc":{"start":{"line":99,"column":12},"end":{"line":107,"column":30}},"line":99},"9":{"name":"(anonymous_9)","decl":{"start":{"line":118,"column":21},"end":{"line":118,"column":22}},"loc":{"start":{"line":118,"column":27},"end":{"line":118,"column":49}},"line":118},"10":{"name":"(anonymous_10)","decl":{"start":{"line":126,"column":24},"end":{"line":126,"column":25}},"loc":{"start":{"line":126,"column":31},"end":{"line":126,"column":75}},"line":126},"11":{"name":"(anonymous_11)","decl":{"start":{"line":127,"column":21},"end":{"line":127,"column":22}},"loc":{"start":{"line":127,"column":27},"end":{"line":127,"column":45}},"line":127}},"branchMap":{"0":{"loc":{"start":{"line":17,"column":4},"end":{"line":22,"column":5}},"type":"if","locations":[{"start":{"line":17,"column":4},"end":{"line":22,"column":5}},{"start":{},"end":{}}],"line":17},"1":{"loc":{"start":{"line":17,"column":8},"end":{"line":17,"column":55}},"type":"binary-expr","locations":[{"start":{"line":17,"column":8},"end":{"line":17,"column":26}},{"start":{"line":17,"column":30},"end":{"line":17,"column":55}}],"line":17},"2":{"loc":{"start":{"line":126,"column":31},"end":{"line":126,"column":75}},"type":"binary-expr","locations":[{"start":{"line":126,"column":31},"end":{"line":126,"column":48}},{"start":{"line":126,"column":52},"end":{"line":126,"column":75}}],"line":126}},"s":{"0":1,"1":0,"2":0,"3":0,"4":0,"5":0,"6":0,"7":0,"8":0,"9":0,"10":0,"11":0,"12":0,"13":0,"14":0,"15":0,"16":0,"17":0,"18":0,"19":0,"20":0,"21":0,"22":0,"23":0,"24":0},"f":{"0":0,"1":0,"2":0,"3":0,"4":0,"5":0,"6":0,"7":0,"8":0,"9":0,"10":0,"11":0},"b":{"0":[0,0],"1":[0,0],"2":[0,0]},"_coverageSchema":"1a1c01bbd47fc00a2c39e90264f33305004495a9","hash":"b1fac42df5587575e236d92781bc7aaee544a234"}
,"C:\\Users\\kaker\\AIdrivendevelopment\\ぴあざさるうとver２\\src\\components\\Testimonials.js": {"path":"C:\\Users\\kaker\\AIdrivendevelopment\\ぴあざさるうとver２\\src\\components\\Testimonials.js","statementMap":{"0":{"start":{"line":4,"column":21},"end":{"line":52,"column":1}},"1":{"start":{"line":5,"column":23},"end":{"line":24,"column":3}},"2":{"start":{"line":26,"column":19},"end":{"line":26,"column":53}},"3":{"start":{"line":26,"column":30},"end":{"line":26,"column":53}},"4":{"start":{"line":28,"column":2},"end":{"line":51,"column":4}},"5":{"start":{"line":40,"column":12},"end":{"line":46,"column":30}}},"fnMap":{"0":{"name":"(anonymous_0)","decl":{"start":{"line":4,"column":21},"end":{"line":4,"column":22}},"loc":{"start":{"line":4,"column":27},"end":{"line":52,"column":1}},"line":4},"1":{"name":"(anonymous_1)","decl":{"start":{"line":26,"column":19},"end":{"line":26,"column":20}},"loc":{"start":{"line":26,"column":30},"end":{"line":26,"column":53}},"line":26},"2":{"name":"(anonymous_2)","decl":{"start":{"line":39,"column":28},"end":{"line":39,"column":29}},"loc":{"start":{"line":40,"column":12},"end":{"line":46,"column":30}},"line":40}},"branchMap":{},"s":{"0":2,"1":11,"2":11,"3":33,"4":11,"5":33},"f":{"0":11,"1":33,"2":33},"b":{},"_coverageSchema":"1a1c01bbd47fc00a2c39e90264f33305004495a9","hash":"5601c2b103406834a49803cb2d6709f59987a404"}
,"C:\\Users\\kaker\\AIdrivendevelopment\\ぴあざさるうとver２\\src\\context\\ThemeContext.js": {"path":"C:\\Users\\kaker\\AIdrivendevelopment\\ぴあざさるうとver２\\src\\context\\ThemeContext.js","statementMap":{"0":{"start":{"line":4,"column":21},"end":{"line":4,"column":36}},"1":{"start":{"line":6,"column":29},"end":{"line":36,"column":1}},"2":{"start":{"line":7,"column":28},"end":{"line":7,"column":45}},"3":{"start":{"line":10,"column":2},"end":{"line":19,"column":9}},"4":{"start":{"line":11,"column":19},"end":{"line":11,"column":48}},"5":{"start":{"line":12,"column":4},"end":{"line":18,"column":5}},"6":{"start":{"line":13,"column":6},"end":{"line":13,"column":23}},"7":{"start":{"line":14,"column":6},"end":{"line":14,"column":75}},"8":{"start":{"line":15,"column":11},"end":{"line":18,"column":5}},"9":{"start":{"line":16,"column":6},"end":{"line":16,"column":23}},"10":{"start":{"line":17,"column":6},"end":{"line":17,"column":53}},"11":{"start":{"line":22,"column":2},"end":{"line":25,"column":14}},"12":{"start":{"line":23,"column":4},"end":{"line":23,"column":72}},"13":{"start":{"line":24,"column":4},"end":{"line":24,"column":41}},"14":{"start":{"line":27,"column":22},"end":{"line":29,"column":3}},"15":{"start":{"line":28,"column":4},"end":{"line":28,"column":62}},"16":{"start":{"line":28,"column":24},"end":{"line":28,"column":59}},"17":{"start":{"line":31,"column":2},"end":{"line":35,"column":4}},"18":{"start":{"line":38,"column":24},"end":{"line":38,"column":54}},"19":{"start":{"line":38,"column":30},"end":{"line":38,"column":54}}},"fnMap":{"0":{"name":"(anonymous_0)","decl":{"start":{"line":6,"column":29},"end":{"line":6,"column":30}},"loc":{"start":{"line":6,"column":47},"end":{"line":36,"column":1}},"line":6},"1":{"name":"(anonymous_1)","decl":{"start":{"line":10,"column":12},"end":{"line":10,"column":13}},"loc":{"start":{"line":10,"column":18},"end":{"line":19,"column":3}},"line":10},"2":{"name":"(anonymous_2)","decl":{"start":{"line":22,"column":12},"end":{"line":22,"column":13}},"loc":{"start":{"line":22,"column":18},"end":{"line":25,"column":3}},"line":22},"3":{"name":"(anonymous_3)","decl":{"start":{"line":27,"column":22},"end":{"line":27,"column":23}},"loc":{"start":{"line":27,"column":28},"end":{"line":29,"column":3}},"line":27},"4":{"name":"(anonymous_4)","decl":{"start":{"line":28,"column":13},"end":{"line":28,"column":14}},"loc":{"start":{"line":28,"column":24},"end":{"line":28,"column":59}},"line":28},"5":{"name":"(anonymous_5)","decl":{"start":{"line":38,"column":24},"end":{"line":38,"column":25}},"loc":{"start":{"line":38,"column":30},"end":{"line":38,"column":54}},"line":38}},"branchMap":{"0":{"loc":{"start":{"line":12,"column":4},"end":{"line":18,"column":5}},"type":"if","locations":[{"start":{"line":12,"column":4},"end":{"line":18,"column":5}},{"start":{"line":15,"column":11},"end":{"line":18,"column":5}}],"line":12},"1":{"loc":{"start":{"line":12,"column":8},"end":{"line":12,"column":47}},"type":"binary-expr","locations":[{"start":{"line":12,"column":8},"end":{"line":12,"column":26}},{"start":{"line":12,"column":30},"end":{"line":12,"column":47}}],"line":12},"2":{"loc":{"start":{"line":15,"column":11},"end":{"line":18,"column":5}},"type":"if","locations":[{"start":{"line":15,"column":11},"end":{"line":18,"column":5}},{"start":{},"end":{}}],"line":15},"3":{"loc":{"start":{"line":28,"column":24},"end":{"line":28,"column":59}},"type":"cond-expr","locations":[{"start":{"line":28,"column":43},"end":{"line":28,"column":49}},{"start":{"line":28,"column":52},"end":{"line":28,"column":59}}],"line":28}},"s":{"0":2,"1":2,"2":0,"3":0,"4":0,"5":0,"6":0,"7":0,"8":0,"9":0,"10":0,"11":0,"12":0,"13":0,"14":0,"15":0,"16":0,"17":0,"18":2,"19":36},"f":{"0":0,"1":0,"2":0,"3":0,"4":0,"5":36},"b":{"0":[0,0],"1":[0,0],"2":[0,0],"3":[0,0]},"_coverageSchema":"1a1c01bbd47fc00a2c39e90264f33305004495a9","hash":"3dcac5212caf543d2a67e4d3aa91e8cc91045193"}
}
