TN:
SF:src\App.js
FN:25,App
FNF:1
FNH:1
FNDA:5,App
DA:26,5
LF:1
LH:1
BRF:0
BRH:0
end_of_record
TN:
SF:src\index.js
FNF:0
FNH:0
DA:9,0
DA:45,0
DA:46,0
DA:48,0
LF:4
LH:0
BRF:0
BRH:0
end_of_record
TN:
SF:src\components\Access.js
FN:4,(anonymous_0)
FNF:1
FNH:1
FNDA:12,(anonymous_0)
DA:4,2
DA:5,12
LF:2
LH:2
BRF:0
BRH:0
end_of_record
TN:
SF:src\components\AnimatedSection.js
FN:3,(anonymous_0)
FN:15,(anonymous_1)
FN:19,(anonymous_2)
FN:36,(anonymous_3)
FN:43,(anonymous_4)
FNF:5
FNH:5
FNDA:558,(anonymous_0)
FNDA:196,(anonymous_1)
FNDA:98,(anonymous_2)
FNDA:98,(anonymous_3)
FNDA:558,(anonymous_4)
DA:3,6
DA:11,558
DA:12,558
DA:13,558
DA:15,558
DA:16,196
DA:18,98
DA:20,98
DA:21,98
DA:22,98
DA:23,98
DA:32,98
DA:33,98
DA:36,98
DA:37,98
DA:38,98
DA:43,558
DA:44,558
DA:45,558
DA:54,558
DA:57,558
LF:21
LH:21
BRDA:5,0,0,122
BRDA:6,1,0,0
BRDA:7,2,0,208
BRDA:8,3,0,558
BRDA:16,4,0,98
BRDA:16,4,1,98
BRDA:20,5,0,98
BRDA:20,5,1,0
BRDA:32,6,0,98
BRDA:32,6,1,0
BRDA:37,7,0,98
BRDA:37,7,1,0
BRDA:54,8,0,338
BRDA:54,8,1,220
BRF:14
BRH:10
end_of_record
TN:
SF:src\components\Concept.js
FN:4,(anonymous_0)
FNF:1
FNH:1
FNDA:11,(anonymous_0)
DA:4,2
DA:5,11
LF:2
LH:2
BRF:0
BRH:0
end_of_record
TN:
SF:src\components\Contact.js
FN:5,(anonymous_0)
FN:47,(anonymous_1)
FN:49,(anonymous_2)
FN:51,(anonymous_3)
FN:55,(anonymous_4)
FN:67,(anonymous_5)
FN:72,(anonymous_6)
FNF:7
FNH:6
FNDA:88,(anonymous_0)
FNDA:76,(anonymous_1)
FNDA:76,(anonymous_2)
FNDA:0,(anonymous_3)
FNDA:3,(anonymous_4)
FNDA:3,(anonymous_5)
FNDA:1,(anonymous_6)
DA:5,2
DA:6,88
DA:18,87
DA:19,87
DA:20,87
DA:22,87
DA:47,87
DA:48,76
DA:49,76
DA:50,76
DA:51,0
DA:55,87
DA:56,3
DA:57,3
DA:58,3
DA:59,3
DA:60,3
DA:61,3
DA:62,3
DA:63,3
DA:64,3
DA:67,87
DA:68,3
DA:69,3
DA:70,1
DA:72,1
DA:73,1
DA:74,1
DA:79,87
LF:29
LH:28
BRDA:49,0,0,2
BRDA:49,0,1,74
BRDA:50,1,0,0
BRDA:50,1,1,76
BRDA:57,2,0,1
BRDA:57,2,1,2
BRDA:58,3,0,1
BRDA:58,3,1,2
BRDA:59,4,0,1
BRDA:59,4,1,2
BRDA:60,5,0,2
BRDA:60,5,1,1
BRDA:60,6,0,3
BRDA:60,6,1,3
BRDA:61,7,0,2
BRDA:61,7,1,1
BRDA:61,8,0,3
BRDA:61,8,1,3
BRDA:62,9,0,1
BRDA:62,9,1,2
BRDA:69,10,0,1
BRDA:69,10,1,2
BRDA:113,11,0,1
BRDA:113,11,1,86
BRDA:129,12,0,86
BRDA:129,12,1,1
BRDA:142,13,0,86
BRDA:142,13,1,1
BRDA:155,14,0,86
BRDA:155,14,1,1
BRDA:172,15,0,86
BRDA:172,15,1,85
BRDA:184,16,0,85
BRDA:184,16,1,2
BRDA:196,17,0,85
BRDA:196,17,1,2
BRDA:236,18,0,86
BRDA:236,18,1,1
BRDA:245,19,0,1
BRDA:245,19,1,85
BRF:40
BRH:39
end_of_record
TN:
SF:src\components\FAQ.js
FN:5,(anonymous_0)
FN:107,(anonymous_1)
FN:119,(anonymous_2)
FN:123,(anonymous_3)
FN:131,(anonymous_4)
FNF:5
FNH:3
FNDA:15,(anonymous_0)
FNDA:0,(anonymous_1)
FNDA:56,(anonymous_2)
FNDA:168,(anonymous_3)
FNDA:0,(anonymous_4)
DA:5,2
DA:6,15
DA:8,14
DA:36,14
DA:107,14
DA:108,0
DA:111,14
DA:120,56
DA:124,168
DA:125,168
DA:127,168
DA:131,0
LF:12
LH:10
BRDA:108,0,0,0
BRDA:108,0,1,0
BRDA:135,1,0,0
BRDA:135,1,1,168
BRDA:142,2,0,0
BRDA:142,2,1,168
BRF:6
BRH:2
end_of_record
TN:
SF:src\components\Footer.js
FN:5,(anonymous_0)
FNF:1
FNH:1
FNDA:20,(anonymous_0)
DA:5,2
DA:6,20
LF:2
LH:2
BRF:0
BRH:0
end_of_record
TN:
SF:src\components\Gallery.js
FN:5,(anonymous_0)
FN:26,(anonymous_1)
FNF:2
FNH:2
FNDA:11,(anonymous_0)
FNDA:66,(anonymous_1)
DA:5,2
DA:6,11
DA:15,11
DA:27,66
LF:4
LH:4
BRF:0
BRH:0
end_of_record
TN:
SF:src\components\GoogleMap.js
FN:3,(anonymous_0)
FNF:1
FNH:1
FNDA:30,(anonymous_0)
DA:3,3
DA:4,30
LF:2
LH:2
BRF:0
BRH:0
end_of_record
TN:
SF:src\components\Header.js
FN:5,(anonymous_0)
FN:9,(anonymous_1)
FN:120,(anonymous_2)
FN:127,(anonymous_3)
FN:134,(anonymous_4)
FN:141,(anonymous_5)
FN:148,(anonymous_6)
FNF:7
FNH:1
FNDA:38,(anonymous_0)
FNDA:0,(anonymous_1)
FNDA:0,(anonymous_2)
FNDA:0,(anonymous_3)
FNDA:0,(anonymous_4)
FNDA:0,(anonymous_5)
FNDA:0,(anonymous_6)
DA:5,2
DA:6,38
DA:7,36
DA:9,0
DA:10,0
DA:13,0
DA:120,0
DA:127,0
DA:134,0
DA:141,0
DA:148,0
LF:11
LH:3
BRDA:69,0,0,0
BRDA:69,0,1,0
BRDA:93,1,0,0
BRDA:93,1,1,0
BRDA:114,2,0,0
BRDA:114,2,1,0
BRF:6
BRH:0
end_of_record
TN:
SF:src\components\Hero.js
FN:4,(anonymous_0)
FNF:1
FNH:1
FNDA:4,(anonymous_0)
DA:4,1
DA:5,4
LF:2
LH:2
BRF:0
BRH:0
end_of_record
TN:
SF:src\components\LegalNotice.js
FN:4,(anonymous_0)
FNF:1
FNH:0
FNDA:0,(anonymous_0)
DA:4,1
DA:5,0
LF:2
LH:1
BRF:0
BRH:0
end_of_record
TN:
SF:src\components\Menu.js
FN:4,(anonymous_0)
FN:83,(anonymous_1)
FN:87,(anonymous_2)
FNF:3
FNH:3
FNDA:11,(anonymous_0)
FNDA:44,(anonymous_1)
FNDA:132,(anonymous_2)
DA:4,2
DA:5,11
DA:44,11
DA:77,11
DA:84,44
DA:88,132
LF:6
LH:6
BRF:0
BRH:0
end_of_record
TN:
SF:src\components\OptimizedImage.js
FN:3,(anonymous_0)
FN:18,(anonymous_1)
FN:27,(anonymous_2)
FN:41,(anonymous_3)
FN:45,(anonymous_4)
FN:62,(anonymous_5)
FN:69,(anonymous_6)
FN:73,(anonymous_7)
FNF:8
FNH:6
FNDA:268,(anonymous_0)
FNDA:190,(anonymous_1)
FNDA:190,(anonymous_2)
FNDA:78,(anonymous_3)
FNDA:78,(anonymous_4)
FNDA:78,(anonymous_5)
FNDA:0,(anonymous_6)
FNDA:0,(anonymous_7)
DA:3,6
DA:13,268
DA:14,268
DA:15,268
DA:18,268
DA:19,190
DA:20,190
DA:21,190
DA:27,268
DA:28,190
DA:31,190
DA:34,190
DA:35,0
DA:38,190
DA:41,268
DA:42,78
DA:44,78
DA:46,78
DA:47,78
DA:48,78
DA:57,78
DA:58,78
DA:59,78
DA:62,78
DA:63,78
DA:64,78
DA:69,268
DA:70,0
DA:73,268
DA:74,0
DA:76,0
DA:77,0
DA:81,268
LF:33
LH:28
BRDA:6,0,0,0
BRDA:9,1,0,248
BRDA:10,2,0,268
BRDA:19,3,0,0
BRDA:19,3,1,190
BRDA:21,4,0,190
BRDA:21,4,1,0
BRDA:21,5,0,190
BRDA:21,5,1,190
BRDA:28,6,0,0
BRDA:28,6,1,190
BRDA:34,7,0,0
BRDA:34,7,1,190
BRDA:34,8,0,190
BRDA:34,8,1,0
BRDA:42,9,0,0
BRDA:42,9,1,78
BRDA:46,10,0,78
BRDA:46,10,1,0
BRDA:58,11,0,78
BRDA:58,11,1,0
BRDA:63,12,0,78
BRDA:63,12,1,0
BRDA:76,13,0,0
BRDA:76,13,1,0
BRDA:86,14,0,10
BRDA:86,14,1,258
BRDA:87,15,0,10
BRDA:87,15,1,258
BRDA:91,16,0,268
BRDA:91,16,1,98
BRDA:91,16,2,98
BRDA:96,17,0,0
BRDA:96,17,1,98
BRDA:100,18,0,20
BRDA:100,18,1,78
BRDA:106,19,0,268
BRDA:106,19,1,0
BRDA:111,20,0,0
BRDA:111,20,1,0
BRDA:117,21,0,268
BRDA:117,21,1,268
BRDA:117,21,2,268
BRF:43
BRH:27
end_of_record
TN:
SF:src\components\PrivacyPolicy.js
FN:4,(anonymous_0)
FNF:1
FNH:0
FNDA:0,(anonymous_0)
DA:4,1
DA:5,0
LF:2
LH:1
BRF:0
BRH:0
end_of_record
TN:
SF:src\components\Recruit.js
FN:5,(anonymous_0)
FN:124,(anonymous_1)
FN:133,(anonymous_2)
FN:145,(anonymous_3)
FN:185,(anonymous_4)
FNF:5
FNH:0
FNDA:0,(anonymous_0)
FNDA:0,(anonymous_1)
FNDA:0,(anonymous_2)
FNDA:0,(anonymous_3)
FNDA:0,(anonymous_4)
DA:5,1
DA:6,0
DA:30,0
DA:77,0
DA:100,0
DA:125,0
DA:134,0
DA:146,0
DA:186,0
LF:9
LH:1
BRF:0
BRH:0
end_of_record
TN:
SF:src\components\RecruitForm.js
FN:3,(anonymous_0)
FN:18,(anonymous_1)
FN:38,(anonymous_2)
FN:45,(anonymous_3)
FN:63,(anonymous_4)
FN:65,(anonymous_5)
FN:71,(anonymous_6)
FN:235,(anonymous_7)
FNF:8
FNH:6
FNDA:12,(anonymous_0)
FNDA:3,(anonymous_1)
FNDA:3,(anonymous_2)
FNDA:0,(anonymous_3)
FNDA:4,(anonymous_4)
FNDA:4,(anonymous_5)
FNDA:0,(anonymous_6)
FNDA:22,(anonymous_7)
DA:3,1
DA:4,12
DA:14,11
DA:15,11
DA:16,11
DA:18,11
DA:19,3
DA:20,3
DA:21,3
DA:23,3
DA:24,3
DA:25,0
DA:26,0
DA:28,3
DA:29,2
DA:31,3
DA:32,3
DA:34,3
DA:35,3
DA:38,11
DA:39,3
DA:40,3
DA:42,0
DA:43,0
DA:45,0
DA:46,0
DA:47,0
DA:57,0
DA:59,0
DA:63,11
DA:64,4
DA:65,4
DA:70,4
DA:71,0
DA:78,11
DA:236,22
LF:36
LH:26
BRDA:20,0,0,3
BRDA:20,0,1,0
BRDA:23,1,0,3
BRDA:23,1,1,0
BRDA:25,2,0,0
BRDA:25,2,1,0
BRDA:28,3,0,2
BRDA:28,3,1,1
BRDA:31,4,0,3
BRDA:31,4,1,0
BRDA:40,5,0,3
BRDA:40,5,1,0
BRDA:67,6,0,1
BRDA:67,6,1,3
BRDA:70,7,0,0
BRDA:70,7,1,4
BRDA:91,8,0,0
BRDA:91,8,1,11
BRDA:123,9,0,3
BRDA:123,9,1,8
BRDA:127,10,0,3
BRDA:127,10,1,8
BRDA:129,11,0,11
BRDA:129,11,1,3
BRDA:155,12,0,3
BRDA:155,12,1,8
BRDA:159,13,0,3
BRDA:159,13,1,8
BRDA:161,14,0,11
BRDA:161,14,1,3
BRDA:187,15,0,2
BRDA:187,15,1,9
BRDA:191,16,0,2
BRDA:191,16,1,9
BRDA:193,17,0,11
BRDA:193,17,1,2
BRDA:257,18,0,11
BRDA:257,18,1,3
BRDA:313,19,0,0
BRDA:313,19,1,11
BRDA:317,20,0,0
BRDA:317,20,1,11
BRDA:321,21,0,11
BRDA:321,21,1,0
BRF:44
BRH:33
end_of_record
TN:
SF:src\components\SEO.js
FN:4,(anonymous_0)
FNF:1
FNH:1
FNDA:135,(anonymous_0)
DA:4,5
DA:13,135
DA:14,135
DA:16,135
LF:4
LH:4
BRDA:5,0,0,4
BRDA:6,1,0,4
BRDA:7,2,0,4
BRDA:8,3,0,109
BRDA:9,4,0,109
BRDA:10,5,0,109
BRDA:11,6,0,8
BRDA:14,7,0,26
BRDA:14,7,1,109
BRDA:39,8,0,135
BRDA:39,8,1,127
BRF:11
BRH:11
end_of_record
TN:
SF:src\components\Salon.js
FN:5,(anonymous_0)
FNF:1
FNH:0
FNDA:0,(anonymous_0)
DA:5,1
DA:6,0
LF:2
LH:1
BRF:0
BRH:0
end_of_record
TN:
SF:src\components\Services.js
FN:4,(anonymous_0)
FN:51,(anonymous_1)
FN:77,(anonymous_2)
FNF:3
FNH:3
FNDA:10,(anonymous_0)
FNDA:40,(anonymous_1)
FNDA:120,(anonymous_2)
DA:4,2
DA:5,10
DA:40,10
DA:52,40
DA:78,120
LF:5
LH:5
BRF:0
BRH:0
end_of_record
TN:
SF:src\components\Staff.js
FN:7,(anonymous_0)
FN:48,(anonymous_1)
FN:64,(anonymous_2)
FN:90,(anonymous_3)
FN:138,(anonymous_4)
FNF:5
FNH:5
FNDA:17,(anonymous_0)
FNDA:34,(anonymous_1)
FNDA:48,(anonymous_2)
FNDA:96,(anonymous_3)
FNDA:34,(anonymous_4)
DA:7,2
DA:8,17
DA:29,17
DA:38,17
DA:48,34
DA:64,17
DA:65,48
DA:91,96
DA:110,17
DA:139,34
LF:10
LH:10
BRDA:53,0,0,34
BRDA:53,0,1,34
BRDA:80,1,0,48
BRDA:80,1,1,16
BRDA:83,2,0,48
BRDA:83,2,1,32
BRDA:86,3,0,48
BRDA:86,3,1,32
BRF:8
BRH:8
end_of_record
TN:
SF:src\components\StaffDetail.js
FN:6,(anonymous_0)
FN:113,(anonymous_1)
FN:141,(anonymous_2)
FN:156,(anonymous_3)
FNF:4
FNH:0
FNDA:0,(anonymous_0)
FNDA:0,(anonymous_1)
FNDA:0,(anonymous_2)
FNDA:0,(anonymous_3)
DA:6,1
DA:7,0
DA:10,0
DA:57,0
DA:59,0
DA:60,0
DA:68,0
DA:86,0
DA:114,0
DA:142,0
DA:157,0
LF:11
LH:1
BRDA:59,0,0,0
BRDA:59,0,1,0
BRDA:158,1,0,0
BRDA:158,1,1,0
BRDA:159,2,0,0
BRDA:159,2,1,0
BRDA:160,3,0,0
BRDA:160,3,1,0
BRDA:161,4,0,0
BRDA:161,4,1,0
BRDA:162,5,0,0
BRDA:162,5,1,0
BRDA:163,6,0,0
BRDA:163,6,1,0
BRF:14
BRH:0
end_of_record
TN:
SF:src\components\StaffInterview.js
FN:5,(anonymous_0)
FN:74,(anonymous_1)
FN:93,(anonymous_2)
FNF:3
FNH:0
FNDA:0,(anonymous_0)
FNDA:0,(anonymous_1)
FNDA:0,(anonymous_2)
DA:5,0
DA:6,0
DA:69,0
DA:75,0
DA:94,0
LF:5
LH:0
BRF:0
BRH:0
end_of_record
TN:
SF:src\components\TestPage.js
FN:5,(anonymous_0)
FN:13,(anonymous_1)
FN:18,(anonymous_2)
FN:27,(anonymous_3)
FN:29,(anonymous_4)
FN:32,(anonymous_5)
FN:40,(anonymous_6)
FN:42,(anonymous_7)
FN:98,(anonymous_8)
FN:118,(anonymous_9)
FN:126,(anonymous_10)
FN:127,(anonymous_11)
FNF:12
FNH:0
FNDA:0,(anonymous_0)
FNDA:0,(anonymous_1)
FNDA:0,(anonymous_2)
FNDA:0,(anonymous_3)
FNDA:0,(anonymous_4)
FNDA:0,(anonymous_5)
FNDA:0,(anonymous_6)
FNDA:0,(anonymous_7)
FNDA:0,(anonymous_8)
FNDA:0,(anonymous_9)
FNDA:0,(anonymous_10)
FNDA:0,(anonymous_11)
DA:5,1
DA:6,0
DA:13,0
DA:14,0
DA:17,0
DA:18,0
DA:25,0
DA:26,0
DA:27,0
DA:28,0
DA:29,0
DA:30,0
DA:31,0
DA:32,0
DA:40,0
DA:41,0
DA:42,0
DA:49,0
DA:99,0
DA:118,0
DA:126,0
DA:127,0
LF:22
LH:1
BRDA:17,0,0,0
BRDA:17,0,1,0
BRDA:17,1,0,0
BRDA:17,1,1,0
BRDA:126,2,0,0
BRDA:126,2,1,0
BRF:6
BRH:0
end_of_record
TN:
SF:src\components\Testimonials.js
FN:4,(anonymous_0)
FN:26,(anonymous_1)
FN:39,(anonymous_2)
FNF:3
FNH:3
FNDA:11,(anonymous_0)
FNDA:33,(anonymous_1)
FNDA:33,(anonymous_2)
DA:4,2
DA:5,11
DA:26,33
DA:28,11
DA:40,33
LF:5
LH:5
BRF:0
BRH:0
end_of_record
TN:
SF:src\context\ThemeContext.js
FN:6,(anonymous_0)
FN:10,(anonymous_1)
FN:22,(anonymous_2)
FN:27,(anonymous_3)
FN:28,(anonymous_4)
FN:38,(anonymous_5)
FNF:6
FNH:1
FNDA:0,(anonymous_0)
FNDA:0,(anonymous_1)
FNDA:0,(anonymous_2)
FNDA:0,(anonymous_3)
FNDA:0,(anonymous_4)
FNDA:36,(anonymous_5)
DA:4,2
DA:6,2
DA:7,0
DA:10,0
DA:11,0
DA:12,0
DA:13,0
DA:14,0
DA:15,0
DA:16,0
DA:17,0
DA:22,0
DA:23,0
DA:24,0
DA:27,0
DA:28,0
DA:31,0
DA:38,36
LF:18
LH:3
BRDA:12,0,0,0
BRDA:12,0,1,0
BRDA:12,1,0,0
BRDA:12,1,1,0
BRDA:15,2,0,0
BRDA:15,2,1,0
BRDA:28,3,0,0
BRDA:28,3,1,0
BRF:8
BRH:0
end_of_record
